#
# There is insufficient memory for the Java Runtime Environment to continue.
# Native memory allocation (malloc) failed to allocate 105376 bytes for Chunk::new
# Possible reasons:
#   The system is out of physical RAM or swap space
#   The process is running with CompressedOops enabled, and the Java Heap may be blocking the growth of the native heap
# Possible solutions:
#   Reduce memory load on the system
#   Increase physical memory or swap space
#   Check if swap backing store is full
#   Decrease Java heap size (-Xmx/-Xms)
#   Decrease number of Java threads
#   Decrease Java thread stack sizes (-Xss)
#   Set larger code cache with -XX:ReservedCodeCacheSize=
#   JVM is running with Zero Based Compressed Oops mode in which the Java heap is
#     placed in the first 32GB address space. The Java Heap base address is the
#     maximum limit for the native heap growth. Please use -XX:HeapBaseMinAddress
#     to set the Java Heap base and to place the Java Heap above 32GB virtual address.
# This output file may be truncated or incomplete.
#
#  Out of Memory Error (./open/src/hotspot/share/memory/arena.cpp:197), pid=23484, tid=25588
#
# JRE version: Java(TM) SE Runtime Environment 18.9 (11.0.21+9) (build 11.0.21+9-LTS-193)
# Java VM: Java HotSpot(TM) 64-Bit Server VM 18.9 (11.0.21+9-LTS-193, mixed mode, tiered, compressed oops, g1 gc, windows-amd64)
# Core dump will be written. Default location: E:\ercot_client\bin\hs_err_pid23484.mdmp
#

---------------  S U M M A R Y ------------

Command Line: -Dspring.config.additional-location=application.properties ercot.jar

Host: Intel(R) Xeon(R) Platinum 8272CL CPU @ 2.60GHz, 12 cores, 47G,  Windows Server 2022 , 64 bit Build 20348 (10.0.20348.3692)
Time: Tue May 20 17:10:00 2025 Central Daylight Time elapsed time: 12062.644121 seconds (0d 3h 21m 2s)

---------------  T H R E A D  ---------------

Current thread (0x00000258f9319800):  JavaThread "C2 CompilerThread0" daemon [_thread_in_native, id=25588, stack(0x000000eb5b400000,0x000000eb5b500000)]


Current CompileTask:
C2:12062644 17181       4       java.util.TreeMap::getCeilingEntry (107 bytes)

Stack: [0x000000eb5b400000,0x000000eb5b500000]
Native frames: (J=compiled Java code, j=interpreted, Vv=VM code, C=native code)
V  [jvm.dll+0x66058a]
V  [jvm.dll+0x7a362f]
V  [jvm.dll+0x7a4cf9]
V  [jvm.dll+0x7a5393]
V  [jvm.dll+0x258f55]
V  [jvm.dll+0xb2a0c]
V  [jvm.dll+0xb2fcc]
V  [jvm.dll+0x2ca682]
V  [jvm.dll+0x56f76c]
V  [jvm.dll+0x211417]
V  [jvm.dll+0x2139f7]
V  [jvm.dll+0x210af4]
V  [jvm.dll+0x18cdb1]
V  [jvm.dll+0x220e99]
V  [jvm.dll+0x21f1bc]
V  [jvm.dll+0x7673c1]
V  [jvm.dll+0x75fc44]
V  [jvm.dll+0x65f435]
C  [ucrtbase.dll+0x26b4c]
C  [KERNEL32.DLL+0x14cb0]
C  [ntdll.dll+0x7edcb]


---------------  P R O C E S S  ---------------

Threads class SMR info:
_java_thread_list=0x00000258fb7c0d60, length=29, elements={
0x00000258f928c800, 0x00000258f92ba000, 0x00000258f9311800, 0x00000258f9315000,
0x00000258f9317000, 0x00000258f9319800, 0x00000258f931c800, 0x00000258f9321800,
0x00000258f9d8f000, 0x00000258fc600000, 0x00000258fe638000, 0x00000258fcce6800,
0x00000258fd6f3000, 0x00000258a8109000, 0x00000258feb0d000, 0x00000258fd2dc800,
0x00000258fd2d9000, 0x00000258fd2da000, 0x00000258fd2d8800, 0x00000258fd2dd800,
0x00000258fd2db000, 0x00000258fd2db800, 0x00000258fd2de000, 0x00000258fd2df000,
0x00000258fa063800, 0x00000258fa062800, 0x00000258fa05e800, 0x00000258fa060000,
0x00000258fbabb000
}

Java Threads: ( => current thread )
  0x00000258f928c800 JavaThread "Reference Handler" daemon [_thread_blocked, id=2420, stack(0x000000eb5af00000,0x000000eb5b000000)]
  0x00000258f92ba000 JavaThread "Finalizer" daemon [_thread_blocked, id=4840, stack(0x000000eb5b000000,0x000000eb5b100000)]
  0x00000258f9311800 JavaThread "Signal Dispatcher" daemon [_thread_blocked, id=26608, stack(0x000000eb5b100000,0x000000eb5b200000)]
  0x00000258f9315000 JavaThread "Attach Listener" daemon [_thread_blocked, id=30924, stack(0x000000eb5b200000,0x000000eb5b300000)]
  0x00000258f9317000 JavaThread "Service Thread" daemon [_thread_blocked, id=27780, stack(0x000000eb5b300000,0x000000eb5b400000)]
=>0x00000258f9319800 JavaThread "C2 CompilerThread0" daemon [_thread_in_native, id=25588, stack(0x000000eb5b400000,0x000000eb5b500000)]
  0x00000258f931c800 JavaThread "C1 CompilerThread0" daemon [_thread_blocked, id=29464, stack(0x000000eb5b500000,0x000000eb5b600000)]
  0x00000258f9321800 JavaThread "Sweeper thread" daemon [_thread_blocked, id=19876, stack(0x000000eb5b600000,0x000000eb5b700000)]
  0x00000258f9d8f000 JavaThread "Common-Cleaner" daemon [_thread_blocked, id=13040, stack(0x000000eb5b800000,0x000000eb5b900000)]
  0x00000258fc600000 JavaThread "Catalina-utility-1" [_thread_blocked, id=29004, stack(0x000000eb5c600000,0x000000eb5c700000)]
  0x00000258fe638000 JavaThread "Catalina-utility-2" [_thread_blocked, id=17296, stack(0x000000eb5c700000,0x000000eb5c800000)]
  0x00000258fcce6800 JavaThread "container-0" [_thread_blocked, id=32912, stack(0x000000eb5c800000,0x000000eb5c900000)]
  0x00000258fd6f3000 JavaThread "HikariPool-1 housekeeper" daemon [_thread_blocked, id=25224, stack(0x000000eb5cb00000,0x000000eb5cc00000)]
  0x00000258a8109000 JavaThread "quartzScheduler_Worker-1" [_thread_blocked, id=30020, stack(0x000000eb5cd00000,0x000000eb5ce00000)]
  0x00000258feb0d000 JavaThread "quartzScheduler_Worker-2" [_thread_blocked, id=31288, stack(0x000000eb5ce00000,0x000000eb5cf00000)]
  0x00000258fd2dc800 JavaThread "quartzScheduler_Worker-3" [_thread_blocked, id=31116, stack(0x000000eb5cf00000,0x000000eb5d000000)]
  0x00000258fd2d9000 JavaThread "quartzScheduler_Worker-4" [_thread_blocked, id=30832, stack(0x000000eb5d000000,0x000000eb5d100000)]
  0x00000258fd2da000 JavaThread "quartzScheduler_Worker-5" [_thread_blocked, id=15768, stack(0x000000eb5d100000,0x000000eb5d200000)]
  0x00000258fd2d8800 JavaThread "quartzScheduler_Worker-6" [_thread_blocked, id=28104, stack(0x000000eb5d200000,0x000000eb5d300000)]
  0x00000258fd2dd800 JavaThread "quartzScheduler_Worker-7" [_thread_blocked, id=20324, stack(0x000000eb5d300000,0x000000eb5d400000)]
  0x00000258fd2db000 JavaThread "quartzScheduler_Worker-8" [_thread_blocked, id=17132, stack(0x000000eb5d400000,0x000000eb5d500000)]
  0x00000258fd2db800 JavaThread "quartzScheduler_Worker-9" [_thread_blocked, id=18296, stack(0x000000eb5d500000,0x000000eb5d600000)]
  0x00000258fd2de000 JavaThread "quartzScheduler_Worker-10" [_thread_blocked, id=14208, stack(0x000000eb5d600000,0x000000eb5d700000)]
  0x00000258fd2df000 JavaThread "quartzScheduler_QuartzSchedulerThread" [_thread_blocked, id=22620, stack(0x000000eb5d700000,0x000000eb5d800000)]
  0x00000258fa063800 JavaThread "Timer-0" daemon [_thread_blocked, id=1252, stack(0x000000eb5d800000,0x000000eb5d900000)]
  0x00000258fa062800 JavaThread "http-nio-8080-Poller" daemon [_thread_in_native, id=2472, stack(0x000000eb5d900000,0x000000eb5da00000)]
  0x00000258fa05e800 JavaThread "http-nio-8080-Acceptor" daemon [_thread_in_native, id=8832, stack(0x000000eb5da00000,0x000000eb5db00000)]
  0x00000258fa060000 JavaThread "DestroyJavaVM" [_thread_blocked, id=30044, stack(0x000000eb5a800000,0x000000eb5a900000)]
  0x00000258fbabb000 JavaThread "mssql-jdbc-shared-timer-core-6" daemon [_thread_blocked, id=16972, stack(0x000000eb5a700000,0x000000eb5a800000)]

Other Threads:
  0x00000258f928b800 VMThread "VM Thread" [stack: 0x000000eb5ae00000,0x000000eb5af00000] [id=8156]
  0x00000258f9d8d800 WatcherThread [stack: 0x000000eb5b700000,0x000000eb5b800000] [id=9684]
  0x00000258e9e00800 GCTaskThread "GC Thread#0" [stack: 0x000000eb5a900000,0x000000eb5aa00000] [id=19328]
  0x00000258fa203800 GCTaskThread "GC Thread#1" [stack: 0x000000eb5bb00000,0x000000eb5bc00000] [id=18044]
  0x00000258faeaa800 GCTaskThread "GC Thread#2" [stack: 0x000000eb5bc00000,0x000000eb5bd00000] [id=19196]
  0x00000258fb3f2000 GCTaskThread "GC Thread#3" [stack: 0x000000eb5bd00000,0x000000eb5be00000] [id=14852]
  0x00000258fb524000 GCTaskThread "GC Thread#4" [stack: 0x000000eb5be00000,0x000000eb5bf00000] [id=9404]
  0x00000258fa94d800 GCTaskThread "GC Thread#5" [stack: 0x000000eb5bf00000,0x000000eb5c000000] [id=3344]
  0x00000258fa94e800 GCTaskThread "GC Thread#6" [stack: 0x000000eb5c000000,0x000000eb5c100000] [id=28224]
  0x00000258fa80c800 GCTaskThread "GC Thread#7" [stack: 0x000000eb5c100000,0x000000eb5c200000] [id=18328]
  0x00000258fa80d000 GCTaskThread "GC Thread#8" [stack: 0x000000eb5c200000,0x000000eb5c300000] [id=22240]
  0x00000258fa815800 GCTaskThread "GC Thread#9" [stack: 0x000000eb5c300000,0x000000eb5c400000] [id=20396]
  0x00000258e9ebb800 ConcurrentGCThread "G1 Main Marker" [stack: 0x000000eb5aa00000,0x000000eb5ab00000] [id=28772]
  0x00000258e9ebd800 ConcurrentGCThread "G1 Conc#0" [stack: 0x000000eb5ab00000,0x000000eb5ac00000] [id=24424]
  0x00000258fa76b800 ConcurrentGCThread "G1 Conc#1" [stack: 0x000000eb5c400000,0x000000eb5c500000] [id=12180]
  0x00000258fa76c000 ConcurrentGCThread "G1 Conc#2" [stack: 0x000000eb5c500000,0x000000eb5c600000] [id=30816]
  0x00000258f65ac000 ConcurrentGCThread "G1 Refine#0" [stack: 0x000000eb5ac00000,0x000000eb5ad00000] [id=28488]
  0x00000258f65ad000 ConcurrentGCThread "G1 Young RemSet Sampling" [stack: 0x000000eb5ad00000,0x000000eb5ae00000] [id=28680]

Threads with active compile tasks:
C2 CompilerThread0  12062738 17181       4       java.util.TreeMap::getCeilingEntry (107 bytes)

VM state:not at safepoint (normal execution)

VM Mutex/Monitor currently owned by a thread: None

Heap address: 0x0000000500c00000, size: 12276 MB, Compressed Oops mode: Zero based, Oop shift amount: 3
Narrow klass base: 0x0000000800000000, Narrow klass shift: 0
Compressed class space size: 1073741824 Address: 0x0000000800000000

Heap:
 garbage-first heap   total 944128K, used 150661K [0x0000000500c00000, 0x0000000800000000)
  region size 2048K, 71 young (145408K), 21 survivors (43008K)
 Metaspace       used 100322K, capacity 104025K, committed 104320K, reserved 1140736K
  class space    used 11863K, capacity 13361K, committed 13440K, reserved 1048576K
Heap Regions: E=young(eden), S=young(survivor), O=old, HS=humongous(starts), HC=humongous(continues), CS=collection set, F=free, A=archive, TAMS=top-at-mark-start (previous, next)
|   0|0x0000000500c00000, 0x0000000500e00000, 0x0000000500e00000|100%| O|  |TAMS 0x0000000500e00000, 0x0000000500c00000| Untracked 
|   1|0x0000000500e00000, 0x0000000501000000, 0x0000000501000000|100%| O|  |TAMS 0x0000000501000000, 0x0000000500e00000| Untracked 
|   2|0x0000000501000000, 0x0000000501200000, 0x0000000501200000|100%| O|  |TAMS 0x0000000501200000, 0x0000000501000000| Untracked 
|   3|0x0000000501200000, 0x0000000501400000, 0x0000000501400000|100%| O|  |TAMS 0x00000005012f0400, 0x0000000501200000| Untracked 
|   4|0x0000000501400000, 0x0000000501600000, 0x0000000501600000|100%| O|  |TAMS 0x0000000501400000, 0x0000000501400000| Untracked 
|   5|0x0000000501600000, 0x0000000501669800, 0x0000000501800000| 20%| O|  |TAMS 0x0000000501600000, 0x0000000501600000| Untracked 
|   6|0x0000000501800000, 0x0000000501800000, 0x0000000501a00000|  0%| F|  |TAMS 0x0000000501800000, 0x0000000501800000| Untracked 
|   7|0x0000000501a00000, 0x0000000501a00000, 0x0000000501c00000|  0%| F|  |TAMS 0x0000000501a00000, 0x0000000501a00000| Untracked 
|   8|0x0000000501c00000, 0x0000000501c00000, 0x0000000501e00000|  0%| F|  |TAMS 0x0000000501c00000, 0x0000000501c00000| Untracked 
|   9|0x0000000501e00000, 0x0000000501e00000, 0x0000000502000000|  0%| F|  |TAMS 0x0000000501e00000, 0x0000000501e00000| Untracked 
|  10|0x0000000502000000, 0x0000000502000000, 0x0000000502200000|  0%| F|  |TAMS 0x0000000502000000, 0x0000000502000000| Untracked 
|  11|0x0000000502200000, 0x0000000502200000, 0x0000000502400000|  0%| F|  |TAMS 0x0000000502200000, 0x0000000502200000| Untracked 
|  12|0x0000000502400000, 0x0000000502400000, 0x0000000502600000|  0%| F|  |TAMS 0x0000000502400000, 0x0000000502400000| Untracked 
|  13|0x0000000502600000, 0x0000000502600000, 0x0000000502800000|  0%| F|  |TAMS 0x0000000502600000, 0x0000000502600000| Untracked 
|  14|0x0000000502800000, 0x0000000502800000, 0x0000000502a00000|  0%| F|  |TAMS 0x0000000502800000, 0x0000000502800000| Untracked 
|  15|0x0000000502a00000, 0x0000000502a00000, 0x0000000502c00000|  0%| F|  |TAMS 0x0000000502a00000, 0x0000000502a00000| Untracked 
|  16|0x0000000502c00000, 0x0000000502c00000, 0x0000000502e00000|  0%| F|  |TAMS 0x0000000502c00000, 0x0000000502c00000| Untracked 
|  17|0x0000000502e00000, 0x0000000502e00000, 0x0000000503000000|  0%| F|  |TAMS 0x0000000502e00000, 0x0000000502e00000| Untracked 
|  18|0x0000000503000000, 0x0000000503000000, 0x0000000503200000|  0%| F|  |TAMS 0x0000000503000000, 0x0000000503000000| Untracked 
|  19|0x0000000503200000, 0x0000000503200000, 0x0000000503400000|  0%| F|  |TAMS 0x0000000503200000, 0x0000000503200000| Untracked 
|  20|0x0000000503400000, 0x0000000503400000, 0x0000000503600000|  0%| F|  |TAMS 0x0000000503400000, 0x0000000503400000| Untracked 
|  21|0x0000000503600000, 0x0000000503600000, 0x0000000503800000|  0%| F|  |TAMS 0x0000000503600000, 0x0000000503600000| Untracked 
|  22|0x0000000503800000, 0x0000000503800000, 0x0000000503a00000|  0%| F|  |TAMS 0x0000000503800000, 0x0000000503800000| Untracked 
|  23|0x0000000503a00000, 0x0000000503a00000, 0x0000000503c00000|  0%| F|  |TAMS 0x0000000503a00000, 0x0000000503a00000| Untracked 
|  24|0x0000000503c00000, 0x0000000503c00000, 0x0000000503e00000|  0%| F|  |TAMS 0x0000000503c00000, 0x0000000503c00000| Untracked 
|  25|0x0000000503e00000, 0x0000000503e00000, 0x0000000504000000|  0%| F|  |TAMS 0x0000000503e00000, 0x0000000503e00000| Untracked 
|  26|0x0000000504000000, 0x0000000504000000, 0x0000000504200000|  0%| F|  |TAMS 0x0000000504000000, 0x0000000504000000| Untracked 
|  27|0x0000000504200000, 0x0000000504200000, 0x0000000504400000|  0%| F|  |TAMS 0x0000000504200000, 0x0000000504200000| Untracked 
|  28|0x0000000504400000, 0x0000000504400000, 0x0000000504600000|  0%| F|  |TAMS 0x0000000504400000, 0x0000000504400000| Untracked 
|  29|0x0000000504600000, 0x0000000504600000, 0x0000000504800000|  0%| F|  |TAMS 0x0000000504600000, 0x0000000504600000| Untracked 
|  30|0x0000000504800000, 0x0000000504800000, 0x0000000504a00000|  0%| F|  |TAMS 0x0000000504800000, 0x0000000504800000| Untracked 
|  31|0x0000000504a00000, 0x0000000504a00000, 0x0000000504c00000|  0%| F|  |TAMS 0x0000000504a00000, 0x0000000504a00000| Untracked 
|  32|0x0000000504c00000, 0x0000000504c00000, 0x0000000504e00000|  0%| F|  |TAMS 0x0000000504c00000, 0x0000000504c00000| Untracked 
|  33|0x0000000504e00000, 0x0000000504e00000, 0x0000000505000000|  0%| F|  |TAMS 0x0000000504e00000, 0x0000000504e00000| Untracked 
|  34|0x0000000505000000, 0x0000000505000000, 0x0000000505200000|  0%| F|  |TAMS 0x0000000505000000, 0x0000000505000000| Untracked 
|  35|0x0000000505200000, 0x0000000505200000, 0x0000000505400000|  0%| F|  |TAMS 0x0000000505200000, 0x0000000505200000| Untracked 
|  36|0x0000000505400000, 0x0000000505400000, 0x0000000505600000|  0%| F|  |TAMS 0x0000000505400000, 0x0000000505400000| Untracked 
|  37|0x0000000505600000, 0x0000000505600000, 0x0000000505800000|  0%| F|  |TAMS 0x0000000505600000, 0x0000000505600000| Untracked 
|  38|0x0000000505800000, 0x0000000505800000, 0x0000000505a00000|  0%| F|  |TAMS 0x0000000505800000, 0x0000000505800000| Untracked 
|  39|0x0000000505a00000, 0x0000000505a00000, 0x0000000505c00000|  0%| F|  |TAMS 0x0000000505a00000, 0x0000000505a00000| Untracked 
|  40|0x0000000505c00000, 0x0000000505c00000, 0x0000000505e00000|  0%| F|  |TAMS 0x0000000505c00000, 0x0000000505c00000| Untracked 
|  41|0x0000000505e00000, 0x0000000505e00000, 0x0000000506000000|  0%| F|  |TAMS 0x0000000505e00000, 0x0000000505e00000| Untracked 
|  42|0x0000000506000000, 0x0000000506000000, 0x0000000506200000|  0%| F|  |TAMS 0x0000000506000000, 0x0000000506000000| Untracked 
|  43|0x0000000506200000, 0x0000000506200000, 0x0000000506400000|  0%| F|  |TAMS 0x0000000506200000, 0x0000000506200000| Untracked 
|  44|0x0000000506400000, 0x0000000506400000, 0x0000000506600000|  0%| F|  |TAMS 0x0000000506400000, 0x0000000506400000| Untracked 
|  45|0x0000000506600000, 0x0000000506600000, 0x0000000506800000|  0%| F|  |TAMS 0x0000000506600000, 0x0000000506600000| Untracked 
|  46|0x0000000506800000, 0x0000000506800000, 0x0000000506a00000|  0%| F|  |TAMS 0x0000000506800000, 0x0000000506800000| Untracked 
|  47|0x0000000506a00000, 0x0000000506a00000, 0x0000000506c00000|  0%| F|  |TAMS 0x0000000506a00000, 0x0000000506a00000| Untracked 
|  48|0x0000000506c00000, 0x0000000506c00000, 0x0000000506e00000|  0%| F|  |TAMS 0x0000000506c00000, 0x0000000506c00000| Untracked 
|  49|0x0000000506e00000, 0x0000000506e00000, 0x0000000507000000|  0%| F|  |TAMS 0x0000000506e00000, 0x0000000506e00000| Untracked 
|  50|0x0000000507000000, 0x0000000507000000, 0x0000000507200000|  0%| F|  |TAMS 0x0000000507000000, 0x0000000507000000| Untracked 
|  51|0x0000000507200000, 0x0000000507200000, 0x0000000507400000|  0%| F|  |TAMS 0x0000000507200000, 0x0000000507200000| Untracked 
|  52|0x0000000507400000, 0x0000000507400000, 0x0000000507600000|  0%| F|  |TAMS 0x0000000507400000, 0x0000000507400000| Untracked 
|  53|0x0000000507600000, 0x0000000507600000, 0x0000000507800000|  0%| F|  |TAMS 0x0000000507600000, 0x0000000507600000| Untracked 
|  54|0x0000000507800000, 0x0000000507800000, 0x0000000507a00000|  0%| F|  |TAMS 0x0000000507800000, 0x0000000507800000| Untracked 
|  55|0x0000000507a00000, 0x0000000507a00000, 0x0000000507c00000|  0%| F|  |TAMS 0x0000000507a00000, 0x0000000507a00000| Untracked 
|  56|0x0000000507c00000, 0x0000000507c00000, 0x0000000507e00000|  0%| F|  |TAMS 0x0000000507c00000, 0x0000000507c00000| Untracked 
|  57|0x0000000507e00000, 0x0000000507e00000, 0x0000000508000000|  0%| F|  |TAMS 0x0000000507e00000, 0x0000000507e00000| Untracked 
|  58|0x0000000508000000, 0x0000000508000000, 0x0000000508200000|  0%| F|  |TAMS 0x0000000508000000, 0x0000000508000000| Untracked 
|  59|0x0000000508200000, 0x0000000508200000, 0x0000000508400000|  0%| F|  |TAMS 0x0000000508200000, 0x0000000508200000| Untracked 
|  60|0x0000000508400000, 0x0000000508400000, 0x0000000508600000|  0%| F|  |TAMS 0x0000000508400000, 0x0000000508400000| Untracked 
|  61|0x0000000508600000, 0x0000000508600000, 0x0000000508800000|  0%| F|  |TAMS 0x0000000508600000, 0x0000000508600000| Untracked 
|  62|0x0000000508800000, 0x0000000508800000, 0x0000000508a00000|  0%| F|  |TAMS 0x0000000508800000, 0x0000000508800000| Untracked 
|  63|0x0000000508a00000, 0x0000000508a00000, 0x0000000508c00000|  0%| F|  |TAMS 0x0000000508a00000, 0x0000000508a00000| Untracked 
|  64|0x0000000508c00000, 0x0000000508c00000, 0x0000000508e00000|  0%| F|  |TAMS 0x0000000508c00000, 0x0000000508c00000| Untracked 
|  65|0x0000000508e00000, 0x0000000508e00000, 0x0000000509000000|  0%| F|  |TAMS 0x0000000508e00000, 0x0000000508e00000| Untracked 
|  66|0x0000000509000000, 0x0000000509000000, 0x0000000509200000|  0%| F|  |TAMS 0x0000000509000000, 0x0000000509000000| Untracked 
|  67|0x0000000509200000, 0x0000000509200000, 0x0000000509400000|  0%| F|  |TAMS 0x0000000509200000, 0x0000000509200000| Untracked 
|  68|0x0000000509400000, 0x0000000509400000, 0x0000000509600000|  0%| F|  |TAMS 0x0000000509400000, 0x0000000509400000| Untracked 
|  69|0x0000000509600000, 0x0000000509600000, 0x0000000509800000|  0%| F|  |TAMS 0x0000000509600000, 0x0000000509600000| Untracked 
|  70|0x0000000509800000, 0x0000000509800000, 0x0000000509a00000|  0%| F|  |TAMS 0x0000000509800000, 0x0000000509800000| Untracked 
|  71|0x0000000509a00000, 0x0000000509a00000, 0x0000000509c00000|  0%| F|  |TAMS 0x0000000509a00000, 0x0000000509a00000| Untracked 
|  72|0x0000000509c00000, 0x0000000509c00000, 0x0000000509e00000|  0%| F|  |TAMS 0x0000000509c00000, 0x0000000509c00000| Untracked 
|  73|0x0000000509e00000, 0x0000000509e00000, 0x000000050a000000|  0%| F|  |TAMS 0x0000000509e00000, 0x0000000509e00000| Untracked 
|  74|0x000000050a000000, 0x000000050a000000, 0x000000050a200000|  0%| F|  |TAMS 0x000000050a000000, 0x000000050a000000| Untracked 
|  75|0x000000050a200000, 0x000000050a200000, 0x000000050a400000|  0%| F|  |TAMS 0x000000050a200000, 0x000000050a200000| Untracked 
|  76|0x000000050a400000, 0x000000050a400000, 0x000000050a600000|  0%| F|  |TAMS 0x000000050a400000, 0x000000050a400000| Untracked 
|  77|0x000000050a600000, 0x000000050a600000, 0x000000050a800000|  0%| F|  |TAMS 0x000000050a600000, 0x000000050a600000| Untracked 
|  78|0x000000050a800000, 0x000000050a800000, 0x000000050aa00000|  0%| F|  |TAMS 0x000000050a800000, 0x000000050a800000| Untracked 
|  79|0x000000050aa00000, 0x000000050aa00000, 0x000000050ac00000|  0%| F|  |TAMS 0x000000050aa00000, 0x000000050aa00000| Untracked 
|  80|0x000000050ac00000, 0x000000050ac00000, 0x000000050ae00000|  0%| F|  |TAMS 0x000000050ac00000, 0x000000050ac00000| Untracked 
|  81|0x000000050ae00000, 0x000000050ae00000, 0x000000050b000000|  0%| F|  |TAMS 0x000000050ae00000, 0x000000050ae00000| Untracked 
|  82|0x000000050b000000, 0x000000050b000000, 0x000000050b200000|  0%| F|  |TAMS 0x000000050b000000, 0x000000050b000000| Untracked 
|  83|0x000000050b200000, 0x000000050b200000, 0x000000050b400000|  0%| F|  |TAMS 0x000000050b200000, 0x000000050b200000| Untracked 
|  84|0x000000050b400000, 0x000000050b400000, 0x000000050b600000|  0%| F|  |TAMS 0x000000050b400000, 0x000000050b400000| Untracked 
|  85|0x000000050b600000, 0x000000050b600000, 0x000000050b800000|  0%| F|  |TAMS 0x000000050b600000, 0x000000050b600000| Untracked 
|  86|0x000000050b800000, 0x000000050b800000, 0x000000050ba00000|  0%| F|  |TAMS 0x000000050b800000, 0x000000050b800000| Untracked 
|  87|0x000000050ba00000, 0x000000050ba00000, 0x000000050bc00000|  0%| F|  |TAMS 0x000000050ba00000, 0x000000050ba00000| Untracked 
|  88|0x000000050bc00000, 0x000000050bc00000, 0x000000050be00000|  0%| F|  |TAMS 0x000000050bc00000, 0x000000050bc00000| Untracked 
|  89|0x000000050be00000, 0x000000050be00000, 0x000000050c000000|  0%| F|  |TAMS 0x000000050be00000, 0x000000050be00000| Untracked 
|  90|0x000000050c000000, 0x000000050c000000, 0x000000050c200000|  0%| F|  |TAMS 0x000000050c000000, 0x000000050c000000| Untracked 
|  91|0x000000050c200000, 0x000000050c200000, 0x000000050c400000|  0%| F|  |TAMS 0x000000050c200000, 0x000000050c200000| Untracked 
|  92|0x000000050c400000, 0x000000050c400000, 0x000000050c600000|  0%| F|  |TAMS 0x000000050c400000, 0x000000050c400000| Untracked 
|  93|0x000000050c600000, 0x000000050c600000, 0x000000050c800000|  0%| F|  |TAMS 0x000000050c600000, 0x000000050c600000| Untracked 
|  94|0x000000050c800000, 0x000000050c800000, 0x000000050ca00000|  0%| F|  |TAMS 0x000000050c800000, 0x000000050c800000| Untracked 
|  95|0x000000050ca00000, 0x000000050ca00000, 0x000000050cc00000|  0%| F|  |TAMS 0x000000050ca00000, 0x000000050ca00000| Untracked 
|  96|0x000000050cc00000, 0x000000050cc00000, 0x000000050ce00000|  0%| F|  |TAMS 0x000000050cc00000, 0x000000050cc00000| Untracked 
|  97|0x000000050ce00000, 0x000000050ce00000, 0x000000050d000000|  0%| F|  |TAMS 0x000000050ce00000, 0x000000050ce00000| Untracked 
|  98|0x000000050d000000, 0x000000050d000000, 0x000000050d200000|  0%| F|  |TAMS 0x000000050d000000, 0x000000050d000000| Untracked 
|  99|0x000000050d200000, 0x000000050d200000, 0x000000050d400000|  0%| F|  |TAMS 0x000000050d200000, 0x000000050d200000| Untracked 
| 100|0x000000050d400000, 0x000000050d400000, 0x000000050d600000|  0%| F|  |TAMS 0x000000050d400000, 0x000000050d400000| Untracked 
| 101|0x000000050d600000, 0x000000050d600000, 0x000000050d800000|  0%| F|  |TAMS 0x000000050d600000, 0x000000050d600000| Untracked 
| 102|0x000000050d800000, 0x000000050d800000, 0x000000050da00000|  0%| F|  |TAMS 0x000000050d800000, 0x000000050d800000| Untracked 
| 103|0x000000050da00000, 0x000000050da00000, 0x000000050dc00000|  0%| F|  |TAMS 0x000000050da00000, 0x000000050da00000| Untracked 
| 104|0x000000050dc00000, 0x000000050dc00000, 0x000000050de00000|  0%| F|  |TAMS 0x000000050dc00000, 0x000000050dc00000| Untracked 
| 105|0x000000050de00000, 0x000000050de00000, 0x000000050e000000|  0%| F|  |TAMS 0x000000050de00000, 0x000000050de00000| Untracked 
| 106|0x000000050e000000, 0x000000050e000000, 0x000000050e200000|  0%| F|  |TAMS 0x000000050e000000, 0x000000050e000000| Untracked 
| 107|0x000000050e200000, 0x000000050e200000, 0x000000050e400000|  0%| F|  |TAMS 0x000000050e200000, 0x000000050e200000| Untracked 
| 108|0x000000050e400000, 0x000000050e400000, 0x000000050e600000|  0%| F|  |TAMS 0x000000050e400000, 0x000000050e400000| Untracked 
| 109|0x000000050e600000, 0x000000050e600000, 0x000000050e800000|  0%| F|  |TAMS 0x000000050e600000, 0x000000050e600000| Untracked 
| 110|0x000000050e800000, 0x000000050e800000, 0x000000050ea00000|  0%| F|  |TAMS 0x000000050e800000, 0x000000050e800000| Untracked 
| 111|0x000000050ea00000, 0x000000050ea00000, 0x000000050ec00000|  0%| F|  |TAMS 0x000000050ea00000, 0x000000050ea00000| Untracked 
| 112|0x000000050ec00000, 0x000000050ec00000, 0x000000050ee00000|  0%| F|  |TAMS 0x000000050ec00000, 0x000000050ec00000| Untracked 
| 113|0x000000050ee00000, 0x000000050ee00000, 0x000000050f000000|  0%| F|  |TAMS 0x000000050ee00000, 0x000000050ee00000| Untracked 
| 114|0x000000050f000000, 0x000000050f000000, 0x000000050f200000|  0%| F|  |TAMS 0x000000050f000000, 0x000000050f000000| Untracked 
| 115|0x000000050f200000, 0x000000050f200000, 0x000000050f400000|  0%| F|  |TAMS 0x000000050f200000, 0x000000050f200000| Untracked 
| 116|0x000000050f400000, 0x000000050f400000, 0x000000050f600000|  0%| F|  |TAMS 0x000000050f400000, 0x000000050f400000| Untracked 
| 117|0x000000050f600000, 0x000000050f600000, 0x000000050f800000|  0%| F|  |TAMS 0x000000050f600000, 0x000000050f600000| Untracked 
| 118|0x000000050f800000, 0x000000050f800000, 0x000000050fa00000|  0%| F|  |TAMS 0x000000050f800000, 0x000000050f800000| Untracked 
| 119|0x000000050fa00000, 0x000000050fa00000, 0x000000050fc00000|  0%| F|  |TAMS 0x000000050fa00000, 0x000000050fa00000| Untracked 
| 120|0x000000050fc00000, 0x000000050fc00000, 0x000000050fe00000|  0%| F|  |TAMS 0x000000050fc00000, 0x000000050fc00000| Untracked 
| 121|0x000000050fe00000, 0x000000050fe00000, 0x0000000510000000|  0%| F|  |TAMS 0x000000050fe00000, 0x000000050fe00000| Untracked 
| 122|0x0000000510000000, 0x0000000510000000, 0x0000000510200000|  0%| F|  |TAMS 0x0000000510000000, 0x0000000510000000| Untracked 
| 123|0x0000000510200000, 0x0000000510200000, 0x0000000510400000|  0%| F|  |TAMS 0x0000000510200000, 0x0000000510200000| Untracked 
| 124|0x0000000510400000, 0x0000000510400000, 0x0000000510600000|  0%| F|  |TAMS 0x0000000510400000, 0x0000000510400000| Untracked 
| 125|0x0000000510600000, 0x0000000510600000, 0x0000000510800000|  0%| F|  |TAMS 0x0000000510600000, 0x0000000510600000| Untracked 
| 126|0x0000000510800000, 0x0000000510800000, 0x0000000510a00000|  0%| F|  |TAMS 0x0000000510800000, 0x0000000510800000| Untracked 
| 127|0x0000000510a00000, 0x0000000510a00000, 0x0000000510c00000|  0%| F|  |TAMS 0x0000000510a00000, 0x0000000510a00000| Untracked 
| 128|0x0000000510c00000, 0x0000000510c00000, 0x0000000510e00000|  0%| F|  |TAMS 0x0000000510c00000, 0x0000000510c00000| Untracked 
| 129|0x0000000510e00000, 0x0000000510e00000, 0x0000000511000000|  0%| F|  |TAMS 0x0000000510e00000, 0x0000000510e00000| Untracked 
| 130|0x0000000511000000, 0x0000000511000000, 0x0000000511200000|  0%| F|  |TAMS 0x0000000511000000, 0x0000000511000000| Untracked 
| 131|0x0000000511200000, 0x0000000511200000, 0x0000000511400000|  0%| F|  |TAMS 0x0000000511200000, 0x0000000511200000| Untracked 
| 132|0x0000000511400000, 0x0000000511400000, 0x0000000511600000|  0%| F|  |TAMS 0x0000000511400000, 0x0000000511400000| Untracked 
| 133|0x0000000511600000, 0x0000000511600000, 0x0000000511800000|  0%| F|  |TAMS 0x0000000511600000, 0x0000000511600000| Untracked 
| 134|0x0000000511800000, 0x0000000511800000, 0x0000000511a00000|  0%| F|  |TAMS 0x0000000511800000, 0x0000000511800000| Untracked 
| 135|0x0000000511a00000, 0x0000000511a00000, 0x0000000511c00000|  0%| F|  |TAMS 0x0000000511a00000, 0x0000000511a00000| Untracked 
| 136|0x0000000511c00000, 0x0000000511c00000, 0x0000000511e00000|  0%| F|  |TAMS 0x0000000511c00000, 0x0000000511c00000| Untracked 
| 137|0x0000000511e00000, 0x0000000511e00000, 0x0000000512000000|  0%| F|  |TAMS 0x0000000511e00000, 0x0000000511e00000| Untracked 
| 138|0x0000000512000000, 0x0000000512000000, 0x0000000512200000|  0%| F|  |TAMS 0x0000000512000000, 0x0000000512000000| Untracked 
| 139|0x0000000512200000, 0x0000000512200000, 0x0000000512400000|  0%| F|  |TAMS 0x0000000512200000, 0x0000000512200000| Untracked 
| 140|0x0000000512400000, 0x0000000512400000, 0x0000000512600000|  0%| F|  |TAMS 0x0000000512400000, 0x0000000512400000| Untracked 
| 141|0x0000000512600000, 0x0000000512600000, 0x0000000512800000|  0%| F|  |TAMS 0x0000000512600000, 0x0000000512600000| Untracked 
| 142|0x0000000512800000, 0x0000000512800000, 0x0000000512a00000|  0%| F|  |TAMS 0x0000000512800000, 0x0000000512800000| Untracked 
| 143|0x0000000512a00000, 0x0000000512a00000, 0x0000000512c00000|  0%| F|  |TAMS 0x0000000512a00000, 0x0000000512a00000| Untracked 
| 144|0x0000000512c00000, 0x0000000512c00000, 0x0000000512e00000|  0%| F|  |TAMS 0x0000000512c00000, 0x0000000512c00000| Untracked 
| 145|0x0000000512e00000, 0x0000000512e00000, 0x0000000513000000|  0%| F|  |TAMS 0x0000000512e00000, 0x0000000512e00000| Untracked 
| 146|0x0000000513000000, 0x0000000513000000, 0x0000000513200000|  0%| F|  |TAMS 0x0000000513000000, 0x0000000513000000| Untracked 
| 147|0x0000000513200000, 0x0000000513200000, 0x0000000513400000|  0%| F|  |TAMS 0x0000000513200000, 0x0000000513200000| Untracked 
| 148|0x0000000513400000, 0x0000000513400000, 0x0000000513600000|  0%| F|  |TAMS 0x0000000513400000, 0x0000000513400000| Untracked 
| 149|0x0000000513600000, 0x0000000513600000, 0x0000000513800000|  0%| F|  |TAMS 0x0000000513600000, 0x0000000513600000| Untracked 
| 150|0x0000000513800000, 0x0000000513800000, 0x0000000513a00000|  0%| F|  |TAMS 0x0000000513800000, 0x0000000513800000| Untracked 
| 151|0x0000000513a00000, 0x0000000513a00000, 0x0000000513c00000|  0%| F|  |TAMS 0x0000000513a00000, 0x0000000513a00000| Untracked 
| 152|0x0000000513c00000, 0x0000000513c00000, 0x0000000513e00000|  0%| F|  |TAMS 0x0000000513c00000, 0x0000000513c00000| Untracked 
| 153|0x0000000513e00000, 0x0000000513e00000, 0x0000000514000000|  0%| F|  |TAMS 0x0000000513e00000, 0x0000000513e00000| Untracked 
| 154|0x0000000514000000, 0x0000000514000000, 0x0000000514200000|  0%| F|  |TAMS 0x0000000514000000, 0x0000000514000000| Untracked 
| 155|0x0000000514200000, 0x0000000514200000, 0x0000000514400000|  0%| F|  |TAMS 0x0000000514200000, 0x0000000514200000| Untracked 
| 156|0x0000000514400000, 0x0000000514400000, 0x0000000514600000|  0%| F|  |TAMS 0x0000000514400000, 0x0000000514400000| Untracked 
| 157|0x0000000514600000, 0x0000000514600000, 0x0000000514800000|  0%| F|  |TAMS 0x0000000514600000, 0x0000000514600000| Untracked 
| 158|0x0000000514800000, 0x0000000514800000, 0x0000000514a00000|  0%| F|  |TAMS 0x0000000514800000, 0x0000000514800000| Untracked 
| 159|0x0000000514a00000, 0x0000000514a00000, 0x0000000514c00000|  0%| F|  |TAMS 0x0000000514a00000, 0x0000000514a00000| Untracked 
| 160|0x0000000514c00000, 0x0000000514c00000, 0x0000000514e00000|  0%| F|  |TAMS 0x0000000514c00000, 0x0000000514c00000| Untracked 
| 161|0x0000000514e00000, 0x0000000514e00000, 0x0000000515000000|  0%| F|  |TAMS 0x0000000514e00000, 0x0000000514e00000| Untracked 
| 162|0x0000000515000000, 0x0000000515000000, 0x0000000515200000|  0%| F|  |TAMS 0x0000000515000000, 0x0000000515000000| Untracked 
| 163|0x0000000515200000, 0x0000000515200000, 0x0000000515400000|  0%| F|  |TAMS 0x0000000515200000, 0x0000000515200000| Untracked 
| 164|0x0000000515400000, 0x0000000515400000, 0x0000000515600000|  0%| F|  |TAMS 0x0000000515400000, 0x0000000515400000| Untracked 
| 165|0x0000000515600000, 0x0000000515600000, 0x0000000515800000|  0%| F|  |TAMS 0x0000000515600000, 0x0000000515600000| Untracked 
| 166|0x0000000515800000, 0x0000000515800000, 0x0000000515a00000|  0%| F|  |TAMS 0x0000000515800000, 0x0000000515800000| Untracked 
| 167|0x0000000515a00000, 0x0000000515a00000, 0x0000000515c00000|  0%| F|  |TAMS 0x0000000515a00000, 0x0000000515a00000| Untracked 
| 168|0x0000000515c00000, 0x0000000515c00000, 0x0000000515e00000|  0%| F|  |TAMS 0x0000000515c00000, 0x0000000515c00000| Untracked 
| 169|0x0000000515e00000, 0x0000000515e00000, 0x0000000516000000|  0%| F|  |TAMS 0x0000000515e00000, 0x0000000515e00000| Untracked 
| 170|0x0000000516000000, 0x0000000516000000, 0x0000000516200000|  0%| F|  |TAMS 0x0000000516000000, 0x0000000516000000| Untracked 
| 171|0x0000000516200000, 0x0000000516200000, 0x0000000516400000|  0%| F|  |TAMS 0x0000000516200000, 0x0000000516200000| Untracked 
| 172|0x0000000516400000, 0x0000000516400000, 0x0000000516600000|  0%| F|  |TAMS 0x0000000516400000, 0x0000000516400000| Untracked 
| 173|0x0000000516600000, 0x0000000516600000, 0x0000000516800000|  0%| F|  |TAMS 0x0000000516600000, 0x0000000516600000| Untracked 
| 174|0x0000000516800000, 0x0000000516800000, 0x0000000516a00000|  0%| F|  |TAMS 0x0000000516800000, 0x0000000516800000| Untracked 
| 175|0x0000000516a00000, 0x0000000516a00000, 0x0000000516c00000|  0%| F|  |TAMS 0x0000000516a00000, 0x0000000516a00000| Untracked 
| 176|0x0000000516c00000, 0x0000000516c00000, 0x0000000516e00000|  0%| F|  |TAMS 0x0000000516c00000, 0x0000000516c00000| Untracked 
| 177|0x0000000516e00000, 0x0000000516e00000, 0x0000000517000000|  0%| F|  |TAMS 0x0000000516e00000, 0x0000000516e00000| Untracked 
| 178|0x0000000517000000, 0x0000000517000000, 0x0000000517200000|  0%| F|  |TAMS 0x0000000517000000, 0x0000000517000000| Untracked 
| 179|0x0000000517200000, 0x0000000517200000, 0x0000000517400000|  0%| F|  |TAMS 0x0000000517200000, 0x0000000517200000| Untracked 
| 180|0x0000000517400000, 0x0000000517400000, 0x0000000517600000|  0%| F|  |TAMS 0x0000000517400000, 0x0000000517400000| Untracked 
| 181|0x0000000517600000, 0x0000000517600000, 0x0000000517800000|  0%| F|  |TAMS 0x0000000517600000, 0x0000000517600000| Untracked 
| 182|0x0000000517800000, 0x0000000517800000, 0x0000000517a00000|  0%| F|  |TAMS 0x0000000517800000, 0x0000000517800000| Untracked 
| 183|0x0000000517a00000, 0x0000000517a00000, 0x0000000517c00000|  0%| F|  |TAMS 0x0000000517a00000, 0x0000000517a00000| Untracked 
| 184|0x0000000517c00000, 0x0000000517c00000, 0x0000000517e00000|  0%| F|  |TAMS 0x0000000517c00000, 0x0000000517c00000| Untracked 
| 185|0x0000000517e00000, 0x0000000517eb7d60, 0x0000000518000000| 35%| S|CS|TAMS 0x0000000517e00000, 0x0000000517e00000| Complete 
| 186|0x0000000518000000, 0x0000000518200000, 0x0000000518200000|100%| S|CS|TAMS 0x0000000518000000, 0x0000000518000000| Complete 
| 187|0x0000000518200000, 0x0000000518400000, 0x0000000518400000|100%| S|CS|TAMS 0x0000000518200000, 0x0000000518200000| Complete 
| 188|0x0000000518400000, 0x0000000518600000, 0x0000000518600000|100%| S|CS|TAMS 0x0000000518400000, 0x0000000518400000| Complete 
| 189|0x0000000518600000, 0x0000000518800000, 0x0000000518800000|100%| S|CS|TAMS 0x0000000518600000, 0x0000000518600000| Complete 
| 190|0x0000000518800000, 0x0000000518a00000, 0x0000000518a00000|100%| S|CS|TAMS 0x0000000518800000, 0x0000000518800000| Complete 
| 191|0x0000000518a00000, 0x0000000518c00000, 0x0000000518c00000|100%| S|CS|TAMS 0x0000000518a00000, 0x0000000518a00000| Complete 
| 192|0x0000000518c00000, 0x0000000518e00000, 0x0000000518e00000|100%| S|CS|TAMS 0x0000000518c00000, 0x0000000518c00000| Complete 
| 193|0x0000000518e00000, 0x0000000519000000, 0x0000000519000000|100%| S|CS|TAMS 0x0000000518e00000, 0x0000000518e00000| Complete 
| 194|0x0000000519000000, 0x0000000519200000, 0x0000000519200000|100%| S|CS|TAMS 0x0000000519000000, 0x0000000519000000| Complete 
| 195|0x0000000519200000, 0x0000000519400000, 0x0000000519400000|100%| S|CS|TAMS 0x0000000519200000, 0x0000000519200000| Complete 
| 196|0x0000000519400000, 0x0000000519600000, 0x0000000519600000|100%| S|CS|TAMS 0x0000000519400000, 0x0000000519400000| Complete 
| 197|0x0000000519600000, 0x0000000519800000, 0x0000000519800000|100%| S|CS|TAMS 0x0000000519600000, 0x0000000519600000| Complete 
| 198|0x0000000519800000, 0x0000000519a00000, 0x0000000519a00000|100%| S|CS|TAMS 0x0000000519800000, 0x0000000519800000| Complete 
| 199|0x0000000519a00000, 0x0000000519c00000, 0x0000000519c00000|100%| S|CS|TAMS 0x0000000519a00000, 0x0000000519a00000| Complete 
| 200|0x0000000519c00000, 0x0000000519e00000, 0x0000000519e00000|100%| S|CS|TAMS 0x0000000519c00000, 0x0000000519c00000| Complete 
| 201|0x0000000519e00000, 0x000000051a000000, 0x000000051a000000|100%| S|CS|TAMS 0x0000000519e00000, 0x0000000519e00000| Complete 
| 202|0x000000051a000000, 0x000000051a200000, 0x000000051a200000|100%| S|CS|TAMS 0x000000051a000000, 0x000000051a000000| Complete 
| 203|0x000000051a200000, 0x000000051a400000, 0x000000051a400000|100%| S|CS|TAMS 0x000000051a200000, 0x000000051a200000| Complete 
| 204|0x000000051a400000, 0x000000051a600000, 0x000000051a600000|100%| S|CS|TAMS 0x000000051a400000, 0x000000051a400000| Complete 
| 205|0x000000051a600000, 0x000000051a800000, 0x000000051a800000|100%| S|CS|TAMS 0x000000051a600000, 0x000000051a600000| Complete 
| 206|0x000000051a800000, 0x000000051a800000, 0x000000051aa00000|  0%| F|  |TAMS 0x000000051a800000, 0x000000051a800000| Untracked 
| 207|0x000000051aa00000, 0x000000051aa00000, 0x000000051ac00000|  0%| F|  |TAMS 0x000000051aa00000, 0x000000051aa00000| Untracked 
| 208|0x000000051ac00000, 0x000000051ac00000, 0x000000051ae00000|  0%| F|  |TAMS 0x000000051ac00000, 0x000000051ac00000| Untracked 
| 209|0x000000051ae00000, 0x000000051ae00000, 0x000000051b000000|  0%| F|  |TAMS 0x000000051ae00000, 0x000000051ae00000| Untracked 
| 210|0x000000051b000000, 0x000000051b000000, 0x000000051b200000|  0%| F|  |TAMS 0x000000051b000000, 0x000000051b000000| Untracked 
| 211|0x000000051b200000, 0x000000051b200000, 0x000000051b400000|  0%| F|  |TAMS 0x000000051b200000, 0x000000051b200000| Untracked 
| 212|0x000000051b400000, 0x000000051b400000, 0x000000051b600000|  0%| F|  |TAMS 0x000000051b400000, 0x000000051b400000| Untracked 
| 213|0x000000051b600000, 0x000000051b600000, 0x000000051b800000|  0%| F|  |TAMS 0x000000051b600000, 0x000000051b600000| Untracked 
| 214|0x000000051b800000, 0x000000051b800000, 0x000000051ba00000|  0%| F|  |TAMS 0x000000051b800000, 0x000000051b800000| Untracked 
| 215|0x000000051ba00000, 0x000000051ba00000, 0x000000051bc00000|  0%| F|  |TAMS 0x000000051ba00000, 0x000000051ba00000| Untracked 
| 216|0x000000051bc00000, 0x000000051bc00000, 0x000000051be00000|  0%| F|  |TAMS 0x000000051bc00000, 0x000000051bc00000| Untracked 
| 217|0x000000051be00000, 0x000000051be00000, 0x000000051c000000|  0%| F|  |TAMS 0x000000051be00000, 0x000000051be00000| Untracked 
| 218|0x000000051c000000, 0x000000051c000000, 0x000000051c200000|  0%| F|  |TAMS 0x000000051c000000, 0x000000051c000000| Untracked 
| 219|0x000000051c200000, 0x000000051c200000, 0x000000051c400000|  0%| F|  |TAMS 0x000000051c200000, 0x000000051c200000| Untracked 
| 220|0x000000051c400000, 0x000000051c400000, 0x000000051c600000|  0%| F|  |TAMS 0x000000051c400000, 0x000000051c400000| Untracked 
| 221|0x000000051c600000, 0x000000051c600000, 0x000000051c800000|  0%| F|  |TAMS 0x000000051c600000, 0x000000051c600000| Untracked 
| 222|0x000000051c800000, 0x000000051c800000, 0x000000051ca00000|  0%| F|  |TAMS 0x000000051c800000, 0x000000051c800000| Untracked 
| 223|0x000000051ca00000, 0x000000051ca00000, 0x000000051cc00000|  0%| F|  |TAMS 0x000000051ca00000, 0x000000051ca00000| Untracked 
| 224|0x000000051cc00000, 0x000000051cc00000, 0x000000051ce00000|  0%| F|  |TAMS 0x000000051cc00000, 0x000000051cc00000| Untracked 
| 225|0x000000051ce00000, 0x000000051ce00000, 0x000000051d000000|  0%| F|  |TAMS 0x000000051ce00000, 0x000000051ce00000| Untracked 
| 226|0x000000051d000000, 0x000000051d000000, 0x000000051d200000|  0%| F|  |TAMS 0x000000051d000000, 0x000000051d000000| Untracked 
| 227|0x000000051d200000, 0x000000051d200000, 0x000000051d400000|  0%| F|  |TAMS 0x000000051d200000, 0x000000051d200000| Untracked 
| 228|0x000000051d400000, 0x000000051d400000, 0x000000051d600000|  0%| F|  |TAMS 0x000000051d400000, 0x000000051d400000| Untracked 
| 229|0x000000051d600000, 0x000000051d600000, 0x000000051d800000|  0%| F|  |TAMS 0x000000051d600000, 0x000000051d600000| Untracked 
| 230|0x000000051d800000, 0x000000051d800000, 0x000000051da00000|  0%| F|  |TAMS 0x000000051d800000, 0x000000051d800000| Untracked 
| 231|0x000000051da00000, 0x000000051da00000, 0x000000051dc00000|  0%| F|  |TAMS 0x000000051da00000, 0x000000051da00000| Untracked 
| 232|0x000000051dc00000, 0x000000051dc00000, 0x000000051de00000|  0%| F|  |TAMS 0x000000051dc00000, 0x000000051dc00000| Untracked 
| 233|0x000000051de00000, 0x000000051de00000, 0x000000051e000000|  0%| F|  |TAMS 0x000000051de00000, 0x000000051de00000| Untracked 
| 234|0x000000051e000000, 0x000000051e000000, 0x000000051e200000|  0%| F|  |TAMS 0x000000051e000000, 0x000000051e000000| Untracked 
| 235|0x000000051e200000, 0x000000051e200000, 0x000000051e400000|  0%| F|  |TAMS 0x000000051e200000, 0x000000051e200000| Untracked 
| 236|0x000000051e400000, 0x000000051e400000, 0x000000051e600000|  0%| F|  |TAMS 0x000000051e400000, 0x000000051e400000| Untracked 
| 237|0x000000051e600000, 0x000000051e600000, 0x000000051e800000|  0%| F|  |TAMS 0x000000051e600000, 0x000000051e600000| Untracked 
| 238|0x000000051e800000, 0x000000051e800000, 0x000000051ea00000|  0%| F|  |TAMS 0x000000051e800000, 0x000000051e800000| Untracked 
| 239|0x000000051ea00000, 0x000000051ea00000, 0x000000051ec00000|  0%| F|  |TAMS 0x000000051ea00000, 0x000000051ea00000| Untracked 
| 240|0x000000051ec00000, 0x000000051ec00000, 0x000000051ee00000|  0%| F|  |TAMS 0x000000051ec00000, 0x000000051ec00000| Untracked 
| 241|0x000000051ee00000, 0x000000051ee00000, 0x000000051f000000|  0%| F|  |TAMS 0x000000051ee00000, 0x000000051ee00000| Untracked 
| 242|0x000000051f000000, 0x000000051f000000, 0x000000051f200000|  0%| F|  |TAMS 0x000000051f000000, 0x000000051f000000| Untracked 
| 243|0x000000051f200000, 0x000000051f200000, 0x000000051f400000|  0%| F|  |TAMS 0x000000051f200000, 0x000000051f200000| Untracked 
| 244|0x000000051f400000, 0x000000051f400000, 0x000000051f600000|  0%| F|  |TAMS 0x000000051f400000, 0x000000051f400000| Untracked 
| 245|0x000000051f600000, 0x000000051f600000, 0x000000051f800000|  0%| F|  |TAMS 0x000000051f600000, 0x000000051f600000| Untracked 
| 246|0x000000051f800000, 0x000000051f800000, 0x000000051fa00000|  0%| F|  |TAMS 0x000000051f800000, 0x000000051f800000| Untracked 
| 247|0x000000051fa00000, 0x000000051fa00000, 0x000000051fc00000|  0%| F|  |TAMS 0x000000051fa00000, 0x000000051fa00000| Untracked 
| 248|0x000000051fc00000, 0x000000051fc00000, 0x000000051fe00000|  0%| F|  |TAMS 0x000000051fc00000, 0x000000051fc00000| Untracked 
| 249|0x000000051fe00000, 0x000000051fe00000, 0x0000000520000000|  0%| F|  |TAMS 0x000000051fe00000, 0x000000051fe00000| Untracked 
| 250|0x0000000520000000, 0x0000000520000000, 0x0000000520200000|  0%| F|  |TAMS 0x0000000520000000, 0x0000000520000000| Untracked 
| 251|0x0000000520200000, 0x0000000520200000, 0x0000000520400000|  0%| F|  |TAMS 0x0000000520200000, 0x0000000520200000| Untracked 
| 252|0x0000000520400000, 0x0000000520400000, 0x0000000520600000|  0%| F|  |TAMS 0x0000000520400000, 0x0000000520400000| Untracked 
| 253|0x0000000520600000, 0x0000000520600000, 0x0000000520800000|  0%| F|  |TAMS 0x0000000520600000, 0x0000000520600000| Untracked 
| 254|0x0000000520800000, 0x0000000520800000, 0x0000000520a00000|  0%| F|  |TAMS 0x0000000520800000, 0x0000000520800000| Untracked 
| 255|0x0000000520a00000, 0x0000000520a00000, 0x0000000520c00000|  0%| F|  |TAMS 0x0000000520a00000, 0x0000000520a00000| Untracked 
| 256|0x0000000520c00000, 0x0000000520c00000, 0x0000000520e00000|  0%| F|  |TAMS 0x0000000520c00000, 0x0000000520c00000| Untracked 
| 257|0x0000000520e00000, 0x0000000520e00000, 0x0000000521000000|  0%| F|  |TAMS 0x0000000520e00000, 0x0000000520e00000| Untracked 
| 258|0x0000000521000000, 0x0000000521000000, 0x0000000521200000|  0%| F|  |TAMS 0x0000000521000000, 0x0000000521000000| Untracked 
| 259|0x0000000521200000, 0x0000000521200000, 0x0000000521400000|  0%| F|  |TAMS 0x0000000521200000, 0x0000000521200000| Untracked 
| 260|0x0000000521400000, 0x0000000521400000, 0x0000000521600000|  0%| F|  |TAMS 0x0000000521400000, 0x0000000521400000| Untracked 
| 261|0x0000000521600000, 0x0000000521600000, 0x0000000521800000|  0%| F|  |TAMS 0x0000000521600000, 0x0000000521600000| Untracked 
| 262|0x0000000521800000, 0x0000000521800000, 0x0000000521a00000|  0%| F|  |TAMS 0x0000000521800000, 0x0000000521800000| Untracked 
| 263|0x0000000521a00000, 0x0000000521a00000, 0x0000000521c00000|  0%| F|  |TAMS 0x0000000521a00000, 0x0000000521a00000| Untracked 
| 264|0x0000000521c00000, 0x0000000521c00000, 0x0000000521e00000|  0%| F|  |TAMS 0x0000000521c00000, 0x0000000521c00000| Untracked 
| 265|0x0000000521e00000, 0x0000000521e00000, 0x0000000522000000|  0%| F|  |TAMS 0x0000000521e00000, 0x0000000521e00000| Untracked 
| 266|0x0000000522000000, 0x0000000522000000, 0x0000000522200000|  0%| F|  |TAMS 0x0000000522000000, 0x0000000522000000| Untracked 
| 267|0x0000000522200000, 0x0000000522200000, 0x0000000522400000|  0%| F|  |TAMS 0x0000000522200000, 0x0000000522200000| Untracked 
| 268|0x0000000522400000, 0x0000000522400000, 0x0000000522600000|  0%| F|  |TAMS 0x0000000522400000, 0x0000000522400000| Untracked 
| 269|0x0000000522600000, 0x0000000522600000, 0x0000000522800000|  0%| F|  |TAMS 0x0000000522600000, 0x0000000522600000| Untracked 
| 270|0x0000000522800000, 0x0000000522800000, 0x0000000522a00000|  0%| F|  |TAMS 0x0000000522800000, 0x0000000522800000| Untracked 
| 271|0x0000000522a00000, 0x0000000522a00000, 0x0000000522c00000|  0%| F|  |TAMS 0x0000000522a00000, 0x0000000522a00000| Untracked 
| 272|0x0000000522c00000, 0x0000000522c00000, 0x0000000522e00000|  0%| F|  |TAMS 0x0000000522c00000, 0x0000000522c00000| Untracked 
| 273|0x0000000522e00000, 0x0000000522e00000, 0x0000000523000000|  0%| F|  |TAMS 0x0000000522e00000, 0x0000000522e00000| Untracked 
| 274|0x0000000523000000, 0x0000000523000000, 0x0000000523200000|  0%| F|  |TAMS 0x0000000523000000, 0x0000000523000000| Untracked 
| 275|0x0000000523200000, 0x0000000523200000, 0x0000000523400000|  0%| F|  |TAMS 0x0000000523200000, 0x0000000523200000| Untracked 
| 276|0x0000000523400000, 0x0000000523400000, 0x0000000523600000|  0%| F|  |TAMS 0x0000000523400000, 0x0000000523400000| Untracked 
| 277|0x0000000523600000, 0x0000000523600000, 0x0000000523800000|  0%| F|  |TAMS 0x0000000523600000, 0x0000000523600000| Untracked 
| 278|0x0000000523800000, 0x0000000523800000, 0x0000000523a00000|  0%| F|  |TAMS 0x0000000523800000, 0x0000000523800000| Untracked 
| 279|0x0000000523a00000, 0x0000000523a00000, 0x0000000523c00000|  0%| F|  |TAMS 0x0000000523a00000, 0x0000000523a00000| Untracked 
| 280|0x0000000523c00000, 0x0000000523c00000, 0x0000000523e00000|  0%| F|  |TAMS 0x0000000523c00000, 0x0000000523c00000| Untracked 
| 281|0x0000000523e00000, 0x0000000523e00000, 0x0000000524000000|  0%| F|  |TAMS 0x0000000523e00000, 0x0000000523e00000| Untracked 
| 282|0x0000000524000000, 0x0000000524000000, 0x0000000524200000|  0%| F|  |TAMS 0x0000000524000000, 0x0000000524000000| Untracked 
| 283|0x0000000524200000, 0x0000000524200000, 0x0000000524400000|  0%| F|  |TAMS 0x0000000524200000, 0x0000000524200000| Untracked 
| 284|0x0000000524400000, 0x0000000524400000, 0x0000000524600000|  0%| F|  |TAMS 0x0000000524400000, 0x0000000524400000| Untracked 
| 285|0x0000000524600000, 0x0000000524600000, 0x0000000524800000|  0%| F|  |TAMS 0x0000000524600000, 0x0000000524600000| Untracked 
| 286|0x0000000524800000, 0x0000000524800000, 0x0000000524a00000|  0%| F|  |TAMS 0x0000000524800000, 0x0000000524800000| Untracked 
| 287|0x0000000524a00000, 0x0000000524a00000, 0x0000000524c00000|  0%| F|  |TAMS 0x0000000524a00000, 0x0000000524a00000| Untracked 
| 288|0x0000000524c00000, 0x0000000524c00000, 0x0000000524e00000|  0%| F|  |TAMS 0x0000000524c00000, 0x0000000524c00000| Untracked 
| 289|0x0000000524e00000, 0x0000000524e00000, 0x0000000525000000|  0%| F|  |TAMS 0x0000000524e00000, 0x0000000524e00000| Untracked 
| 290|0x0000000525000000, 0x0000000525000000, 0x0000000525200000|  0%| F|  |TAMS 0x0000000525000000, 0x0000000525000000| Untracked 
| 291|0x0000000525200000, 0x0000000525200000, 0x0000000525400000|  0%| F|  |TAMS 0x0000000525200000, 0x0000000525200000| Untracked 
| 292|0x0000000525400000, 0x0000000525400000, 0x0000000525600000|  0%| F|  |TAMS 0x0000000525400000, 0x0000000525400000| Untracked 
| 293|0x0000000525600000, 0x0000000525600000, 0x0000000525800000|  0%| F|  |TAMS 0x0000000525600000, 0x0000000525600000| Untracked 
| 294|0x0000000525800000, 0x0000000525800000, 0x0000000525a00000|  0%| F|  |TAMS 0x0000000525800000, 0x0000000525800000| Untracked 
| 295|0x0000000525a00000, 0x0000000525a00000, 0x0000000525c00000|  0%| F|  |TAMS 0x0000000525a00000, 0x0000000525a00000| Untracked 
| 296|0x0000000525c00000, 0x0000000525c00000, 0x0000000525e00000|  0%| F|  |TAMS 0x0000000525c00000, 0x0000000525c00000| Untracked 
| 297|0x0000000525e00000, 0x0000000525e00000, 0x0000000526000000|  0%| F|  |TAMS 0x0000000525e00000, 0x0000000525e00000| Untracked 
| 298|0x0000000526000000, 0x0000000526000000, 0x0000000526200000|  0%| F|  |TAMS 0x0000000526000000, 0x0000000526000000| Untracked 
| 299|0x0000000526200000, 0x0000000526200000, 0x0000000526400000|  0%| F|  |TAMS 0x0000000526200000, 0x0000000526200000| Untracked 
| 300|0x0000000526400000, 0x0000000526400000, 0x0000000526600000|  0%| F|  |TAMS 0x0000000526400000, 0x0000000526400000| Untracked 
| 301|0x0000000526600000, 0x0000000526600000, 0x0000000526800000|  0%| F|  |TAMS 0x0000000526600000, 0x0000000526600000| Untracked 
| 302|0x0000000526800000, 0x0000000526800000, 0x0000000526a00000|  0%| F|  |TAMS 0x0000000526800000, 0x0000000526800000| Untracked 
| 303|0x0000000526a00000, 0x0000000526a00000, 0x0000000526c00000|  0%| F|  |TAMS 0x0000000526a00000, 0x0000000526a00000| Untracked 
| 304|0x0000000526c00000, 0x0000000526c00000, 0x0000000526e00000|  0%| F|  |TAMS 0x0000000526c00000, 0x0000000526c00000| Untracked 
| 305|0x0000000526e00000, 0x0000000526e00000, 0x0000000527000000|  0%| F|  |TAMS 0x0000000526e00000, 0x0000000526e00000| Untracked 
| 306|0x0000000527000000, 0x0000000527000000, 0x0000000527200000|  0%| F|  |TAMS 0x0000000527000000, 0x0000000527000000| Untracked 
| 307|0x0000000527200000, 0x0000000527200000, 0x0000000527400000|  0%| F|  |TAMS 0x0000000527200000, 0x0000000527200000| Untracked 
| 308|0x0000000527400000, 0x0000000527400000, 0x0000000527600000|  0%| F|  |TAMS 0x0000000527400000, 0x0000000527400000| Untracked 
| 309|0x0000000527600000, 0x0000000527600000, 0x0000000527800000|  0%| F|  |TAMS 0x0000000527600000, 0x0000000527600000| Untracked 
| 310|0x0000000527800000, 0x0000000527800000, 0x0000000527a00000|  0%| F|  |TAMS 0x0000000527800000, 0x0000000527800000| Untracked 
| 311|0x0000000527a00000, 0x0000000527a00000, 0x0000000527c00000|  0%| F|  |TAMS 0x0000000527a00000, 0x0000000527a00000| Untracked 
| 312|0x0000000527c00000, 0x0000000527c00000, 0x0000000527e00000|  0%| F|  |TAMS 0x0000000527c00000, 0x0000000527c00000| Untracked 
| 313|0x0000000527e00000, 0x0000000527e00000, 0x0000000528000000|  0%| F|  |TAMS 0x0000000527e00000, 0x0000000527e00000| Untracked 
| 314|0x0000000528000000, 0x0000000528000000, 0x0000000528200000|  0%| F|  |TAMS 0x0000000528000000, 0x0000000528000000| Untracked 
| 315|0x0000000528200000, 0x0000000528200000, 0x0000000528400000|  0%| F|  |TAMS 0x0000000528200000, 0x0000000528200000| Untracked 
| 316|0x0000000528400000, 0x0000000528400000, 0x0000000528600000|  0%| F|  |TAMS 0x0000000528400000, 0x0000000528400000| Untracked 
| 317|0x0000000528600000, 0x0000000528600000, 0x0000000528800000|  0%| F|  |TAMS 0x0000000528600000, 0x0000000528600000| Untracked 
| 318|0x0000000528800000, 0x0000000528800000, 0x0000000528a00000|  0%| F|  |TAMS 0x0000000528800000, 0x0000000528800000| Untracked 
| 319|0x0000000528a00000, 0x0000000528a00000, 0x0000000528c00000|  0%| F|  |TAMS 0x0000000528a00000, 0x0000000528a00000| Untracked 
| 320|0x0000000528c00000, 0x0000000528c00000, 0x0000000528e00000|  0%| F|  |TAMS 0x0000000528c00000, 0x0000000528c00000| Untracked 
| 321|0x0000000528e00000, 0x0000000528e00000, 0x0000000529000000|  0%| F|  |TAMS 0x0000000528e00000, 0x0000000528e00000| Untracked 
| 322|0x0000000529000000, 0x0000000529000000, 0x0000000529200000|  0%| F|  |TAMS 0x0000000529000000, 0x0000000529000000| Untracked 
| 323|0x0000000529200000, 0x0000000529200000, 0x0000000529400000|  0%| F|  |TAMS 0x0000000529200000, 0x0000000529200000| Untracked 
| 324|0x0000000529400000, 0x0000000529400000, 0x0000000529600000|  0%| F|  |TAMS 0x0000000529400000, 0x0000000529400000| Untracked 
| 325|0x0000000529600000, 0x0000000529600000, 0x0000000529800000|  0%| F|  |TAMS 0x0000000529600000, 0x0000000529600000| Untracked 
| 326|0x0000000529800000, 0x0000000529800000, 0x0000000529a00000|  0%| F|  |TAMS 0x0000000529800000, 0x0000000529800000| Untracked 
| 327|0x0000000529a00000, 0x0000000529a00000, 0x0000000529c00000|  0%| F|  |TAMS 0x0000000529a00000, 0x0000000529a00000| Untracked 
| 328|0x0000000529c00000, 0x0000000529c00000, 0x0000000529e00000|  0%| F|  |TAMS 0x0000000529c00000, 0x0000000529c00000| Untracked 
| 329|0x0000000529e00000, 0x0000000529e00000, 0x000000052a000000|  0%| F|  |TAMS 0x0000000529e00000, 0x0000000529e00000| Untracked 
| 330|0x000000052a000000, 0x000000052a000000, 0x000000052a200000|  0%| F|  |TAMS 0x000000052a000000, 0x000000052a000000| Untracked 
| 331|0x000000052a200000, 0x000000052a200000, 0x000000052a400000|  0%| F|  |TAMS 0x000000052a200000, 0x000000052a200000| Untracked 
| 332|0x000000052a400000, 0x000000052a400000, 0x000000052a600000|  0%| F|  |TAMS 0x000000052a400000, 0x000000052a400000| Untracked 
| 333|0x000000052a600000, 0x000000052a600000, 0x000000052a800000|  0%| F|  |TAMS 0x000000052a600000, 0x000000052a600000| Untracked 
| 334|0x000000052a800000, 0x000000052a800000, 0x000000052aa00000|  0%| F|  |TAMS 0x000000052a800000, 0x000000052a800000| Untracked 
| 335|0x000000052aa00000, 0x000000052aa00000, 0x000000052ac00000|  0%| F|  |TAMS 0x000000052aa00000, 0x000000052aa00000| Untracked 
| 336|0x000000052ac00000, 0x000000052ac00000, 0x000000052ae00000|  0%| F|  |TAMS 0x000000052ac00000, 0x000000052ac00000| Untracked 
| 337|0x000000052ae00000, 0x000000052ae00000, 0x000000052b000000|  0%| F|  |TAMS 0x000000052ae00000, 0x000000052ae00000| Untracked 
| 338|0x000000052b000000, 0x000000052b000000, 0x000000052b200000|  0%| F|  |TAMS 0x000000052b000000, 0x000000052b000000| Untracked 
| 339|0x000000052b200000, 0x000000052b200000, 0x000000052b400000|  0%| F|  |TAMS 0x000000052b200000, 0x000000052b200000| Untracked 
| 340|0x000000052b400000, 0x000000052b400000, 0x000000052b600000|  0%| F|  |TAMS 0x000000052b400000, 0x000000052b400000| Untracked 
| 341|0x000000052b600000, 0x000000052b600000, 0x000000052b800000|  0%| F|  |TAMS 0x000000052b600000, 0x000000052b600000| Untracked 
| 342|0x000000052b800000, 0x000000052b800000, 0x000000052ba00000|  0%| F|  |TAMS 0x000000052b800000, 0x000000052b800000| Untracked 
| 343|0x000000052ba00000, 0x000000052ba00000, 0x000000052bc00000|  0%| F|  |TAMS 0x000000052ba00000, 0x000000052ba00000| Untracked 
| 344|0x000000052bc00000, 0x000000052bc00000, 0x000000052be00000|  0%| F|  |TAMS 0x000000052bc00000, 0x000000052bc00000| Untracked 
| 345|0x000000052be00000, 0x000000052be00000, 0x000000052c000000|  0%| F|  |TAMS 0x000000052be00000, 0x000000052be00000| Untracked 
| 346|0x000000052c000000, 0x000000052c000000, 0x000000052c200000|  0%| F|  |TAMS 0x000000052c000000, 0x000000052c000000| Untracked 
| 347|0x000000052c200000, 0x000000052c200000, 0x000000052c400000|  0%| F|  |TAMS 0x000000052c200000, 0x000000052c200000| Untracked 
| 348|0x000000052c400000, 0x000000052c400000, 0x000000052c600000|  0%| F|  |TAMS 0x000000052c400000, 0x000000052c400000| Untracked 
| 349|0x000000052c600000, 0x000000052c600000, 0x000000052c800000|  0%| F|  |TAMS 0x000000052c600000, 0x000000052c600000| Untracked 
| 350|0x000000052c800000, 0x000000052c800000, 0x000000052ca00000|  0%| F|  |TAMS 0x000000052c800000, 0x000000052c800000| Untracked 
| 351|0x000000052ca00000, 0x000000052ca00000, 0x000000052cc00000|  0%| F|  |TAMS 0x000000052ca00000, 0x000000052ca00000| Untracked 
| 352|0x000000052cc00000, 0x000000052cc00000, 0x000000052ce00000|  0%| F|  |TAMS 0x000000052cc00000, 0x000000052cc00000| Untracked 
| 353|0x000000052ce00000, 0x000000052ce00000, 0x000000052d000000|  0%| F|  |TAMS 0x000000052ce00000, 0x000000052ce00000| Untracked 
| 354|0x000000052d000000, 0x000000052d000000, 0x000000052d200000|  0%| F|  |TAMS 0x000000052d000000, 0x000000052d000000| Untracked 
| 355|0x000000052d200000, 0x000000052d200000, 0x000000052d400000|  0%| F|  |TAMS 0x000000052d200000, 0x000000052d200000| Untracked 
| 356|0x000000052d400000, 0x000000052d400000, 0x000000052d600000|  0%| F|  |TAMS 0x000000052d400000, 0x000000052d400000| Untracked 
| 357|0x000000052d600000, 0x000000052d600000, 0x000000052d800000|  0%| F|  |TAMS 0x000000052d600000, 0x000000052d600000| Untracked 
| 358|0x000000052d800000, 0x000000052d800000, 0x000000052da00000|  0%| F|  |TAMS 0x000000052d800000, 0x000000052d800000| Untracked 
| 359|0x000000052da00000, 0x000000052da00000, 0x000000052dc00000|  0%| F|  |TAMS 0x000000052da00000, 0x000000052da00000| Untracked 
| 360|0x000000052dc00000, 0x000000052dc00000, 0x000000052de00000|  0%| F|  |TAMS 0x000000052dc00000, 0x000000052dc00000| Untracked 
| 361|0x000000052de00000, 0x000000052de00000, 0x000000052e000000|  0%| F|  |TAMS 0x000000052de00000, 0x000000052de00000| Untracked 
| 362|0x000000052e000000, 0x000000052e000000, 0x000000052e200000|  0%| F|  |TAMS 0x000000052e000000, 0x000000052e000000| Untracked 
| 363|0x000000052e200000, 0x000000052e200000, 0x000000052e400000|  0%| F|  |TAMS 0x000000052e200000, 0x000000052e200000| Untracked 
| 364|0x000000052e400000, 0x000000052e400000, 0x000000052e600000|  0%| F|  |TAMS 0x000000052e400000, 0x000000052e400000| Untracked 
| 365|0x000000052e600000, 0x000000052e600000, 0x000000052e800000|  0%| F|  |TAMS 0x000000052e600000, 0x000000052e600000| Untracked 
| 366|0x000000052e800000, 0x000000052e800000, 0x000000052ea00000|  0%| F|  |TAMS 0x000000052e800000, 0x000000052e800000| Untracked 
| 367|0x000000052ea00000, 0x000000052ea00000, 0x000000052ec00000|  0%| F|  |TAMS 0x000000052ea00000, 0x000000052ea00000| Untracked 
| 368|0x000000052ec00000, 0x000000052ec00000, 0x000000052ee00000|  0%| F|  |TAMS 0x000000052ec00000, 0x000000052ec00000| Untracked 
| 369|0x000000052ee00000, 0x000000052ee00000, 0x000000052f000000|  0%| F|  |TAMS 0x000000052ee00000, 0x000000052ee00000| Untracked 
| 370|0x000000052f000000, 0x000000052f000000, 0x000000052f200000|  0%| F|  |TAMS 0x000000052f000000, 0x000000052f000000| Untracked 
| 371|0x000000052f200000, 0x000000052f200000, 0x000000052f400000|  0%| F|  |TAMS 0x000000052f200000, 0x000000052f200000| Untracked 
| 372|0x000000052f400000, 0x000000052f400000, 0x000000052f600000|  0%| F|  |TAMS 0x000000052f400000, 0x000000052f400000| Untracked 
| 373|0x000000052f600000, 0x000000052f600000, 0x000000052f800000|  0%| F|  |TAMS 0x000000052f600000, 0x000000052f600000| Untracked 
| 374|0x000000052f800000, 0x000000052f800000, 0x000000052fa00000|  0%| F|  |TAMS 0x000000052f800000, 0x000000052f800000| Untracked 
| 375|0x000000052fa00000, 0x000000052fa00000, 0x000000052fc00000|  0%| F|  |TAMS 0x000000052fa00000, 0x000000052fa00000| Untracked 
| 376|0x000000052fc00000, 0x000000052fc00000, 0x000000052fe00000|  0%| F|  |TAMS 0x000000052fc00000, 0x000000052fc00000| Untracked 
| 377|0x000000052fe00000, 0x000000052fe00000, 0x0000000530000000|  0%| F|  |TAMS 0x000000052fe00000, 0x000000052fe00000| Untracked 
| 378|0x0000000530000000, 0x0000000530000000, 0x0000000530200000|  0%| F|  |TAMS 0x0000000530000000, 0x0000000530000000| Untracked 
| 379|0x0000000530200000, 0x0000000530200000, 0x0000000530400000|  0%| F|  |TAMS 0x0000000530200000, 0x0000000530200000| Untracked 
| 380|0x0000000530400000, 0x0000000530400000, 0x0000000530600000|  0%| F|  |TAMS 0x0000000530400000, 0x0000000530400000| Untracked 
| 381|0x0000000530600000, 0x0000000530600000, 0x0000000530800000|  0%| F|  |TAMS 0x0000000530600000, 0x0000000530600000| Untracked 
| 382|0x0000000530800000, 0x0000000530800000, 0x0000000530a00000|  0%| F|  |TAMS 0x0000000530800000, 0x0000000530800000| Untracked 
| 383|0x0000000530a00000, 0x0000000530a00000, 0x0000000530c00000|  0%| F|  |TAMS 0x0000000530a00000, 0x0000000530a00000| Untracked 
| 384|0x0000000530c00000, 0x0000000530c00000, 0x0000000530e00000|  0%| F|  |TAMS 0x0000000530c00000, 0x0000000530c00000| Untracked 
| 385|0x0000000530e00000, 0x0000000530e00000, 0x0000000531000000|  0%| F|  |TAMS 0x0000000530e00000, 0x0000000530e00000| Untracked 
| 386|0x0000000531000000, 0x0000000531000000, 0x0000000531200000|  0%| F|  |TAMS 0x0000000531000000, 0x0000000531000000| Untracked 
| 387|0x0000000531200000, 0x0000000531200000, 0x0000000531400000|  0%| F|  |TAMS 0x0000000531200000, 0x0000000531200000| Untracked 
| 388|0x0000000531400000, 0x0000000531400000, 0x0000000531600000|  0%| F|  |TAMS 0x0000000531400000, 0x0000000531400000| Untracked 
| 389|0x0000000531600000, 0x0000000531600000, 0x0000000531800000|  0%| F|  |TAMS 0x0000000531600000, 0x0000000531600000| Untracked 
| 390|0x0000000531800000, 0x0000000531800000, 0x0000000531a00000|  0%| F|  |TAMS 0x0000000531800000, 0x0000000531800000| Untracked 
| 391|0x0000000531a00000, 0x0000000531a00000, 0x0000000531c00000|  0%| F|  |TAMS 0x0000000531a00000, 0x0000000531a00000| Untracked 
| 392|0x0000000531c00000, 0x0000000531c00000, 0x0000000531e00000|  0%| F|  |TAMS 0x0000000531c00000, 0x0000000531c00000| Untracked 
| 393|0x0000000531e00000, 0x0000000531e00000, 0x0000000532000000|  0%| F|  |TAMS 0x0000000531e00000, 0x0000000531e00000| Untracked 
| 394|0x0000000532000000, 0x0000000532000000, 0x0000000532200000|  0%| F|  |TAMS 0x0000000532000000, 0x0000000532000000| Untracked 
| 395|0x0000000532200000, 0x0000000532200000, 0x0000000532400000|  0%| F|  |TAMS 0x0000000532200000, 0x0000000532200000| Untracked 
| 396|0x0000000532400000, 0x0000000532400000, 0x0000000532600000|  0%| F|  |TAMS 0x0000000532400000, 0x0000000532400000| Untracked 
| 397|0x0000000532600000, 0x0000000532600000, 0x0000000532800000|  0%| F|  |TAMS 0x0000000532600000, 0x0000000532600000| Untracked 
| 398|0x0000000532800000, 0x0000000532800000, 0x0000000532a00000|  0%| F|  |TAMS 0x0000000532800000, 0x0000000532800000| Untracked 
| 399|0x0000000532a00000, 0x0000000532a00000, 0x0000000532c00000|  0%| F|  |TAMS 0x0000000532a00000, 0x0000000532a00000| Untracked 
| 400|0x0000000532c00000, 0x0000000532c00000, 0x0000000532e00000|  0%| F|  |TAMS 0x0000000532c00000, 0x0000000532c00000| Untracked 
| 401|0x0000000532e00000, 0x0000000532e00000, 0x0000000533000000|  0%| F|  |TAMS 0x0000000532e00000, 0x0000000532e00000| Untracked 
| 402|0x0000000533000000, 0x0000000533000000, 0x0000000533200000|  0%| F|  |TAMS 0x0000000533000000, 0x0000000533000000| Untracked 
| 403|0x0000000533200000, 0x0000000533200000, 0x0000000533400000|  0%| F|  |TAMS 0x0000000533200000, 0x0000000533200000| Untracked 
| 404|0x0000000533400000, 0x0000000533400000, 0x0000000533600000|  0%| F|  |TAMS 0x0000000533400000, 0x0000000533400000| Untracked 
| 405|0x0000000533600000, 0x0000000533600000, 0x0000000533800000|  0%| F|  |TAMS 0x0000000533600000, 0x0000000533600000| Untracked 
| 406|0x0000000533800000, 0x0000000533800000, 0x0000000533a00000|  0%| F|  |TAMS 0x0000000533800000, 0x0000000533800000| Untracked 
| 407|0x0000000533a00000, 0x0000000533a00000, 0x0000000533c00000|  0%| F|  |TAMS 0x0000000533a00000, 0x0000000533a00000| Untracked 
| 408|0x0000000533c00000, 0x0000000533c00000, 0x0000000533e00000|  0%| F|  |TAMS 0x0000000533c00000, 0x0000000533c00000| Untracked 
| 409|0x0000000533e00000, 0x0000000533e00000, 0x0000000534000000|  0%| F|  |TAMS 0x0000000533e00000, 0x0000000533e00000| Untracked 
| 410|0x0000000534000000, 0x0000000534000000, 0x0000000534200000|  0%| F|  |TAMS 0x0000000534000000, 0x0000000534000000| Untracked 
| 411|0x0000000534200000, 0x00000005343a6b98, 0x0000000534400000| 82%| E|  |TAMS 0x0000000534200000, 0x0000000534200000| Complete 
| 412|0x0000000534400000, 0x0000000534600000, 0x0000000534600000|100%| E|CS|TAMS 0x0000000534400000, 0x0000000534400000| Complete 
| 413|0x0000000534600000, 0x0000000534800000, 0x0000000534800000|100%| E|CS|TAMS 0x0000000534600000, 0x0000000534600000| Complete 
| 414|0x0000000534800000, 0x0000000534a00000, 0x0000000534a00000|100%| E|CS|TAMS 0x0000000534800000, 0x0000000534800000| Complete 
| 415|0x0000000534a00000, 0x0000000534c00000, 0x0000000534c00000|100%| E|CS|TAMS 0x0000000534a00000, 0x0000000534a00000| Complete 
| 416|0x0000000534c00000, 0x0000000534e00000, 0x0000000534e00000|100%| E|CS|TAMS 0x0000000534c00000, 0x0000000534c00000| Complete 
| 417|0x0000000534e00000, 0x0000000535000000, 0x0000000535000000|100%| E|CS|TAMS 0x0000000534e00000, 0x0000000534e00000| Complete 
| 418|0x0000000535000000, 0x0000000535200000, 0x0000000535200000|100%| E|CS|TAMS 0x0000000535000000, 0x0000000535000000| Complete 
| 419|0x0000000535200000, 0x0000000535400000, 0x0000000535400000|100%| E|CS|TAMS 0x0000000535200000, 0x0000000535200000| Complete 
| 420|0x0000000535400000, 0x0000000535600000, 0x0000000535600000|100%| E|CS|TAMS 0x0000000535400000, 0x0000000535400000| Complete 
| 421|0x0000000535600000, 0x0000000535800000, 0x0000000535800000|100%| E|CS|TAMS 0x0000000535600000, 0x0000000535600000| Complete 
| 422|0x0000000535800000, 0x0000000535a00000, 0x0000000535a00000|100%| E|CS|TAMS 0x0000000535800000, 0x0000000535800000| Complete 
| 423|0x0000000535a00000, 0x0000000535c00000, 0x0000000535c00000|100%| E|CS|TAMS 0x0000000535a00000, 0x0000000535a00000| Complete 
| 424|0x0000000535c00000, 0x0000000535e00000, 0x0000000535e00000|100%| E|CS|TAMS 0x0000000535c00000, 0x0000000535c00000| Complete 
| 425|0x0000000535e00000, 0x0000000536000000, 0x0000000536000000|100%| E|CS|TAMS 0x0000000535e00000, 0x0000000535e00000| Complete 
| 426|0x0000000536000000, 0x0000000536200000, 0x0000000536200000|100%| E|CS|TAMS 0x0000000536000000, 0x0000000536000000| Complete 
| 427|0x0000000536200000, 0x0000000536400000, 0x0000000536400000|100%| E|CS|TAMS 0x0000000536200000, 0x0000000536200000| Complete 
| 428|0x0000000536400000, 0x0000000536600000, 0x0000000536600000|100%| E|CS|TAMS 0x0000000536400000, 0x0000000536400000| Complete 
| 429|0x0000000536600000, 0x0000000536800000, 0x0000000536800000|100%| E|CS|TAMS 0x0000000536600000, 0x0000000536600000| Complete 
| 430|0x0000000536800000, 0x0000000536a00000, 0x0000000536a00000|100%| E|CS|TAMS 0x0000000536800000, 0x0000000536800000| Complete 
| 431|0x0000000536a00000, 0x0000000536c00000, 0x0000000536c00000|100%| E|CS|TAMS 0x0000000536a00000, 0x0000000536a00000| Complete 
| 432|0x0000000536c00000, 0x0000000536e00000, 0x0000000536e00000|100%| E|CS|TAMS 0x0000000536c00000, 0x0000000536c00000| Complete 
| 433|0x0000000536e00000, 0x0000000537000000, 0x0000000537000000|100%| E|CS|TAMS 0x0000000536e00000, 0x0000000536e00000| Complete 
| 434|0x0000000537000000, 0x0000000537200000, 0x0000000537200000|100%| E|CS|TAMS 0x0000000537000000, 0x0000000537000000| Complete 
| 435|0x0000000537200000, 0x0000000537400000, 0x0000000537400000|100%| E|CS|TAMS 0x0000000537200000, 0x0000000537200000| Complete 
| 436|0x0000000537400000, 0x0000000537600000, 0x0000000537600000|100%| E|CS|TAMS 0x0000000537400000, 0x0000000537400000| Complete 
| 437|0x0000000537600000, 0x0000000537800000, 0x0000000537800000|100%| E|CS|TAMS 0x0000000537600000, 0x0000000537600000| Complete 
| 438|0x0000000537800000, 0x0000000537a00000, 0x0000000537a00000|100%| E|CS|TAMS 0x0000000537800000, 0x0000000537800000| Complete 
| 439|0x0000000537a00000, 0x0000000537c00000, 0x0000000537c00000|100%| E|CS|TAMS 0x0000000537a00000, 0x0000000537a00000| Complete 
| 440|0x0000000537c00000, 0x0000000537e00000, 0x0000000537e00000|100%| E|CS|TAMS 0x0000000537c00000, 0x0000000537c00000| Complete 
| 441|0x0000000537e00000, 0x0000000538000000, 0x0000000538000000|100%| E|CS|TAMS 0x0000000537e00000, 0x0000000537e00000| Complete 
| 442|0x0000000538000000, 0x0000000538200000, 0x0000000538200000|100%| E|CS|TAMS 0x0000000538000000, 0x0000000538000000| Complete 
| 443|0x0000000538200000, 0x0000000538400000, 0x0000000538400000|100%| E|CS|TAMS 0x0000000538200000, 0x0000000538200000| Complete 
| 444|0x0000000538400000, 0x0000000538600000, 0x0000000538600000|100%| E|CS|TAMS 0x0000000538400000, 0x0000000538400000| Complete 
| 445|0x0000000538600000, 0x0000000538800000, 0x0000000538800000|100%| E|CS|TAMS 0x0000000538600000, 0x0000000538600000| Complete 
| 446|0x0000000538800000, 0x0000000538a00000, 0x0000000538a00000|100%| E|CS|TAMS 0x0000000538800000, 0x0000000538800000| Complete 
| 447|0x0000000538a00000, 0x0000000538c00000, 0x0000000538c00000|100%| E|CS|TAMS 0x0000000538a00000, 0x0000000538a00000| Complete 
| 448|0x0000000538c00000, 0x0000000538e00000, 0x0000000538e00000|100%| E|CS|TAMS 0x0000000538c00000, 0x0000000538c00000| Complete 
| 449|0x0000000538e00000, 0x0000000539000000, 0x0000000539000000|100%| E|CS|TAMS 0x0000000538e00000, 0x0000000538e00000| Complete 
| 450|0x0000000539000000, 0x0000000539200000, 0x0000000539200000|100%| E|CS|TAMS 0x0000000539000000, 0x0000000539000000| Complete 
| 451|0x0000000539200000, 0x0000000539400000, 0x0000000539400000|100%| E|  |TAMS 0x0000000539200000, 0x0000000539200000| Complete 
| 452|0x0000000539400000, 0x0000000539600000, 0x0000000539600000|100%| E|CS|TAMS 0x0000000539400000, 0x0000000539400000| Complete 
| 453|0x0000000539600000, 0x0000000539800000, 0x0000000539800000|100%| E|CS|TAMS 0x0000000539600000, 0x0000000539600000| Complete 
| 454|0x0000000539800000, 0x0000000539a00000, 0x0000000539a00000|100%| E|CS|TAMS 0x0000000539800000, 0x0000000539800000| Complete 
| 455|0x0000000539a00000, 0x0000000539c00000, 0x0000000539c00000|100%| E|CS|TAMS 0x0000000539a00000, 0x0000000539a00000| Complete 
| 456|0x0000000539c00000, 0x0000000539e00000, 0x0000000539e00000|100%| E|CS|TAMS 0x0000000539c00000, 0x0000000539c00000| Complete 
| 457|0x0000000539e00000, 0x000000053a000000, 0x000000053a000000|100%| E|CS|TAMS 0x0000000539e00000, 0x0000000539e00000| Complete 
| 458|0x000000053a000000, 0x000000053a200000, 0x000000053a200000|100%| E|CS|TAMS 0x000000053a000000, 0x000000053a000000| Complete 
| 459|0x000000053a200000, 0x000000053a400000, 0x000000053a400000|100%| E|CS|TAMS 0x000000053a200000, 0x000000053a200000| Complete 
| 460|0x000000053a400000, 0x000000053a600000, 0x000000053a600000|100%| E|CS|TAMS 0x000000053a400000, 0x000000053a400000| Complete 

Card table byte_map: [0x00000258f3220000,0x00000258f4a20000] _byte_map_base: 0x00000258f0a1a000

Marking Bits (Prev, Next): (CMBitMap*) 0x00000258e9ea1838, (CMBitMap*) 0x00000258e9ea1870
 Prev Bits: [0x000002588f000000, 0x000002589afd0000)
 Next Bits: [0x000002589afd0000, 0x00000258a6fa0000)

Polling page: 0x00000258e7d70000

Metaspace:

Usage:
  Non-class:     88.54 MB capacity,    86.39 MB ( 98%) used,     1.76 MB (  2%) free+waste,   404.12 KB ( <1%) overhead. 
      Class:     13.05 MB capacity,    11.59 MB ( 89%) used,     1.28 MB ( 10%) free+waste,   188.62 KB (  1%) overhead. 
       Both:    101.59 MB capacity,    97.97 MB ( 96%) used,     3.04 MB (  3%) free+waste,   592.75 KB ( <1%) overhead. 

Virtual space:
  Non-class space:       90.00 MB reserved,      88.75 MB ( 99%) committed 
      Class space:        1.00 GB reserved,      13.12 MB (  1%) committed 
             Both:        1.09 GB reserved,     101.88 MB (  9%) committed 

Chunk freelists:
   Non-Class:  0 bytes
       Class:  1.88 KB
        Both:  1.88 KB

CodeHeap 'non-profiled nmethods': size=120000Kb used=13116Kb max_used=13116Kb free=106883Kb
 bounds [0x0000025887ad0000, 0x00000258887b0000, 0x000002588f000000]
CodeHeap 'profiled nmethods': size=120000Kb used=35900Kb max_used=35900Kb free=84099Kb
 bounds [0x00000258805a0000, 0x00000258828d0000, 0x0000025887ad0000]
CodeHeap 'non-nmethods': size=5760Kb used=1356Kb max_used=1406Kb free=4403Kb
 bounds [0x0000025880000000, 0x0000025880270000, 0x00000258805a0000]
 total_blobs=15882 nmethods=15132 adapters=660
 compilation: enabled
              stopped_count=0, restarted_count=0
 full_count=0

Compilation events (10 events):
Event: 11763.447 Thread 0x00000258f931c800 nmethod 17177 0x00000258828b5890 code [0x00000258828b5a40, 0x00000258828b5cd8]
Event: 11763.449 Thread 0x00000258fbcbf800 nmethod 17163 0x000002588879f110 code [0x000002588879f2e0, 0x00000258887a02c8]
Event: 11763.452 Thread 0x00000258f9319800 nmethod 17171 0x00000258887a0990 code [0x00000258887a0b60, 0x00000258887a11f8]
Event: 12046.550 Thread 0x00000258f931c800 17178   !   3       org.quartz.CronExpression::checkNext (861 bytes)
Event: 12046.560 Thread 0x00000258f931c800 nmethod 17178 0x00000258828b5e10 code [0x00000258828b6aa0, 0x00000258828be568]
Event: 12046.560 Thread 0x00000258f931c800 17179       3       org.quartz.CronExpression::checkIncrementRange (200 bytes)
Event: 12046.561 Thread 0x00000258f931c800 nmethod 17179 0x00000258828c1390 code [0x00000258828c18c0, 0x00000258828c40f8]
Event: 12062.634 Thread 0x00000258f931c800 17180       3       org.quartz.CronExpression::setCalendarHour (33 bytes)
Event: 12062.634 Thread 0x00000258f931c800 nmethod 17180 0x00000258828c4d90 code [0x00000258828c4f60, 0x00000258828c54a8]
Event: 12062.636 Thread 0x00000258f9319800 17181       4       java.util.TreeMap::getCeilingEntry (107 bytes)

GC Heap History (10 events):
Event: 750.779 GC heap before
{Heap before GC invocations=12 (full 0):
 garbage-first heap   total 944128K, used 569666K [0x0000000500c00000, 0x0000000800000000)
  region size 2048K, 276 young (565248K), 19 survivors (38912K)
 Metaspace       used 94578K, capacity 97552K, committed 97792K, reserved 1134592K
  class space    used 11563K, capacity 12732K, committed 12800K, reserved 1048576K
}
Event: 750.796 GC heap after
{Heap after GC invocations=13 (full 0):
 garbage-first heap   total 944128K, used 39841K [0x0000000500c00000, 0x0000000800000000)
  region size 2048K, 16 young (32768K), 16 survivors (32768K)
 Metaspace       used 94578K, capacity 97552K, committed 97792K, reserved 1134592K
  class space    used 11563K, capacity 12732K, committed 12800K, reserved 1048576K
}
Event: 2463.349 GC heap before
{Heap before GC invocations=13 (full 0):
 garbage-first heap   total 944128K, used 570273K [0x0000000500c00000, 0x0000000800000000)
  region size 2048K, 276 young (565248K), 16 survivors (32768K)
 Metaspace       used 95705K, capacity 98718K, committed 98944K, reserved 1134592K
  class space    used 11602K, capacity 12813K, committed 12928K, reserved 1048576K
}
Event: 2463.364 GC heap after
{Heap after GC invocations=14 (full 0):
 garbage-first heap   total 944128K, used 40485K [0x0000000500c00000, 0x0000000800000000)
  region size 2048K, 17 young (34816K), 17 survivors (34816K)
 Metaspace       used 95705K, capacity 98718K, committed 98944K, reserved 1134592K
  class space    used 11602K, capacity 12813K, committed 12928K, reserved 1048576K
}
Event: 4562.668 GC heap before
{Heap before GC invocations=14 (full 0):
 garbage-first heap   total 944128K, used 454181K [0x0000000500c00000, 0x0000000800000000)
  region size 2048K, 221 young (452608K), 17 survivors (34816K)
 Metaspace       used 97097K, capacity 100311K, committed 100480K, reserved 1136640K
  class space    used 11658K, capacity 12927K, committed 12928K, reserved 1048576K
}
Event: 4562.689 GC heap after
{Heap after GC invocations=15 (full 0):
 garbage-first heap   total 944128K, used 43763K [0x0000000500c00000, 0x0000000800000000)
  region size 2048K, 18 young (36864K), 18 survivors (36864K)
 Metaspace       used 97097K, capacity 100311K, committed 100480K, reserved 1136640K
  class space    used 11658K, capacity 12927K, committed 12928K, reserved 1048576K
}
Event: 7865.341 GC heap before
{Heap before GC invocations=16 (full 0):
 garbage-first heap   total 944128K, used 570099K [0x0000000500c00000, 0x0000000800000000)
  region size 2048K, 276 young (565248K), 18 survivors (36864K)
 Metaspace       used 98709K, capacity 102165K, committed 102272K, reserved 1138688K
  class space    used 11753K, capacity 13119K, committed 13184K, reserved 1048576K
}
Event: 7865.357 GC heap after
{Heap after GC invocations=17 (full 0):
 garbage-first heap   total 944128K, used 48699K [0x0000000500c00000, 0x0000000800000000)
  region size 2048K, 21 young (43008K), 21 survivors (43008K)
 Metaspace       used 98709K, capacity 102165K, committed 102272K, reserved 1138688K
  class space    used 11753K, capacity 13119K, committed 13184K, reserved 1048576K
}
Event: 11463.641 GC heap before
{Heap before GC invocations=17 (full 0):
 garbage-first heap   total 944128K, used 568891K [0x0000000500c00000, 0x0000000800000000)
  region size 2048K, 276 young (565248K), 21 survivors (43008K)
 Metaspace       used 100154K, capacity 103867K, committed 103936K, reserved 1140736K
  class space    used 11846K, capacity 13307K, committed 13312K, reserved 1048576K
}
Event: 11463.657 GC heap after
{Heap after GC invocations=18 (full 0):
 garbage-first heap   total 944128K, used 52357K [0x0000000500c00000, 0x0000000800000000)
  region size 2048K, 21 young (43008K), 21 survivors (43008K)
 Metaspace       used 100154K, capacity 103867K, committed 103936K, reserved 1140736K
  class space    used 11846K, capacity 13307K, committed 13312K, reserved 1048576K
}

Deoptimization events (10 events):
Event: 8162.822 Thread 0x00000258fd2de000 Uncommon trap: reason=profile_predicate action=maybe_recompile pc=0x00000258886547a8 method=sun.security.ssl.SSLTransport.decode(Lsun/security/ssl/TransportContext;[Ljava/nio/ByteBuffer;II[Ljava/nio/ByteBuffer;II)Lsun/security/ssl/Plaintext; @ 181 c2
Event: 8162.842 Thread 0x00000258fd2dc800 Uncommon trap: reason=profile_predicate action=maybe_recompile pc=0x00000258886547a8 method=sun.security.ssl.SSLTransport.decode(Lsun/security/ssl/TransportContext;[Ljava/nio/ByteBuffer;II[Ljava/nio/ByteBuffer;II)Lsun/security/ssl/Plaintext; @ 181 c2
Event: 8162.843 Thread 0x00000258fd2da000 Uncommon trap: reason=profile_predicate action=maybe_recompile pc=0x00000258886547a8 method=sun.security.ssl.SSLTransport.decode(Lsun/security/ssl/TransportContext;[Ljava/nio/ByteBuffer;II[Ljava/nio/ByteBuffer;II)Lsun/security/ssl/Plaintext; @ 181 c2
Event: 8764.169 Thread 0x00000258feb0d000 Uncommon trap: reason=class_check action=maybe_recompile pc=0x000002588862fcb0 method=java.lang.reflect.Array.newInstance(Ljava/lang/Class;I)Ljava/lang/Object; @ 2 c2
Event: 8764.169 Thread 0x00000258feb0d000 Uncommon trap: reason=class_check action=maybe_recompile pc=0x00000258881fda30 method=java.lang.reflect.Array.newInstance(Ljava/lang/Class;I)Ljava/lang/Object; @ 2 c2
Event: 8764.169 Thread 0x00000258feb0d000 Uncommon trap: reason=class_check action=maybe_recompile pc=0x000002588862fcb0 method=java.lang.reflect.Array.newInstance(Ljava/lang/Class;I)Ljava/lang/Object; @ 2 c2
Event: 8764.169 Thread 0x00000258feb0d000 Uncommon trap: reason=class_check action=maybe_recompile pc=0x00000258881fda30 method=java.lang.reflect.Array.newInstance(Ljava/lang/Class;I)Ljava/lang/Object; @ 2 c2
Event: 8764.169 Thread 0x00000258feb0d000 Uncommon trap: reason=class_check action=maybe_recompile pc=0x000002588862fcb0 method=java.lang.reflect.Array.newInstance(Ljava/lang/Class;I)Ljava/lang/Object; @ 2 c2
Event: 11163.908 Thread 0x00000258a8109000 Uncommon trap: reason=unstable_if action=reinterpret pc=0x0000025888040bd8 method=java.lang.ClassLoader.defineClassSourceLocation(Ljava/security/ProtectionDomain;)Ljava/lang/String; @ 15 c2
Event: 11463.524 Thread 0x00000258fd2d8800 Uncommon trap: reason=unstable_if action=reinterpret pc=0x0000025888124680 method=com.sun.org.apache.xerces.internal.impl.XMLEntityScanner.scanQName(Lcom/sun/org/apache/xerces/internal/xni/QName;Lcom/sun/org/apache/xerces/internal/impl/XMLScanner$NameType

Classes redefined (0 events):
No events

Internal exceptions (10 events):
Event: 11766.201 Thread 0x00000258fd2da000 Exception <a 'sun/nio/fs/WindowsException'{0x0000000534cf12e0}> (0x0000000534cf12e0) thrown at [./open/src/hotspot/share/prims/jni.cpp, line 611]
Event: 11766.202 Thread 0x00000258fd2da000 Exception <a 'sun/nio/fs/WindowsException'{0x0000000534cf1f48}> (0x0000000534cf1f48) thrown at [./open/src/hotspot/share/prims/jni.cpp, line 611]
Event: 11766.202 Thread 0x00000258fd2da000 Exception <a 'sun/nio/fs/WindowsException'{0x0000000534cf2bb0}> (0x0000000534cf2bb0) thrown at [./open/src/hotspot/share/prims/jni.cpp, line 611]
Event: 11766.202 Thread 0x00000258fd2da000 Exception <a 'sun/nio/fs/WindowsException'{0x0000000534cf3d48}> (0x0000000534cf3d48) thrown at [./open/src/hotspot/share/prims/jni.cpp, line 611]
Event: 11766.202 Thread 0x00000258fd2da000 Exception <a 'sun/nio/fs/WindowsException'{0x0000000534cf49b0}> (0x0000000534cf49b0) thrown at [./open/src/hotspot/share/prims/jni.cpp, line 611]
Event: 11766.203 Thread 0x00000258fd2da000 Exception <a 'sun/nio/fs/WindowsException'{0x0000000534cf5618}> (0x0000000534cf5618) thrown at [./open/src/hotspot/share/prims/jni.cpp, line 611]
Event: 11766.203 Thread 0x00000258fd2da000 Exception <a 'sun/nio/fs/WindowsException'{0x0000000534cf6280}> (0x0000000534cf6280) thrown at [./open/src/hotspot/share/prims/jni.cpp, line 611]
Event: 11766.203 Thread 0x00000258fd2da000 Exception <a 'sun/nio/fs/WindowsException'{0x0000000534cf7418}> (0x0000000534cf7418) thrown at [./open/src/hotspot/share/prims/jni.cpp, line 611]
Event: 11766.858 Thread 0x00000258fd2da000 Exception <a 'sun/nio/fs/WindowsException'{0x00000005349266a8}> (0x00000005349266a8) thrown at [./open/src/hotspot/share/prims/jni.cpp, line 611]
Event: 11766.858 Thread 0x00000258fd2da000 Exception <a 'sun/nio/fs/WindowsException'{0x0000000534927310}> (0x0000000534927310) thrown at [./open/src/hotspot/share/prims/jni.cpp, line 611]

Events (10 events):
Event: 11773.399 Executing VM operation: RevokeBias done
Event: 11773.399 Executing VM operation: RevokeBias
Event: 11773.399 Executing VM operation: RevokeBias done
Event: 11773.399 Executing VM operation: RevokeBias
Event: 11773.399 Executing VM operation: RevokeBias done
Event: 11773.399 Executing VM operation: RevokeBias
Event: 11773.399 Executing VM operation: RevokeBias done
Event: 11773.399 Executing VM operation: RevokeBias
Event: 11773.399 Executing VM operation: RevokeBias done
Event: 11773.399 Thread 0x00000258fbab9800 Thread exited: 0x00000258fbab9800


Dynamic libraries:
0x00007ff613b80000 - 0x00007ff613b90000 	C:\Program Files\Java\jdk-11\bin\java.exe
0x00007ffe70220000 - 0x00007ffe70421000 	C:\Windows\SYSTEM32\ntdll.dll
0x00007ffe6f910000 - 0x00007ffe6f9cc000 	C:\Windows\System32\KERNEL32.DLL
0x00007ffe6db80000 - 0x00007ffe6def0000 	C:\Windows\System32\KERNELBASE.dll
0x00007ffe6e040000 - 0x00007ffe6e150000 	C:\Windows\System32\ucrtbase.dll
0x00007ffe5b540000 - 0x00007ffe5b559000 	C:\Program Files\Java\jdk-11\bin\jli.dll
0x00007ffe5b490000 - 0x00007ffe5b4ab000 	C:\Program Files\Java\jdk-11\bin\VCRUNTIME140.dll
0x00007ffe70110000 - 0x00007ffe701c1000 	C:\Windows\System32\ADVAPI32.dll
0x00007ffe6e750000 - 0x00007ffe6e7f3000 	C:\Windows\System32\msvcrt.dll
0x00007ffe6e6a0000 - 0x00007ffe6e742000 	C:\Windows\System32\sechost.dll
0x00007ffe6d990000 - 0x00007ffe6d9b7000 	C:\Windows\System32\bcrypt.dll
0x00007ffe6e9b0000 - 0x00007ffe6eace000 	C:\Windows\System32\RPCRT4.dll
0x00007ffe6f760000 - 0x00007ffe6f905000 	C:\Windows\System32\USER32.dll
0x00007ffe6def0000 - 0x00007ffe6df16000 	C:\Windows\System32\win32u.dll
0x00007ffe65c50000 - 0x00007ffe65ef5000 	C:\Windows\WinSxS\amd64_microsoft.windows.common-controls_6595b64144ccf1df_6.0.20348.3451_none_94783cb1eef01314\COMCTL32.dll
0x00007ffe6e970000 - 0x00007ffe6e99c000 	C:\Windows\System32\GDI32.dll
0x00007ffe6df20000 - 0x00007ffe6e03d000 	C:\Windows\System32\gdi32full.dll
0x00007ffe6d790000 - 0x00007ffe6d830000 	C:\Windows\System32\msvcp_win.dll
0x00007ffe66e20000 - 0x00007ffe66e2a000 	C:\Windows\SYSTEM32\VERSION.dll
0x00007ffe6fa50000 - 0x00007ffe6fa81000 	C:\Windows\System32\IMM32.DLL
0x00007ffe6b6f0000 - 0x00007ffe6b6fc000 	C:\Program Files\Java\jdk-11\bin\vcruntime140_1.dll
0x00007ffe4fc20000 - 0x00007ffe4fcae000 	C:\Program Files\Java\jdk-11\bin\msvcp140.dll
0x00007ffd78ce0000 - 0x00007ffd7984d000 	C:\Program Files\Java\jdk-11\bin\server\jvm.dll
0x00007ffe701d0000 - 0x00007ffe701d8000 	C:\Windows\System32\PSAPI.DLL
0x00007ffe566d0000 - 0x00007ffe566d9000 	C:\Windows\SYSTEM32\WSOCK32.dll
0x00007ffe68440000 - 0x00007ffe68467000 	C:\Windows\SYSTEM32\WINMM.dll
0x00007ffe6fcb0000 - 0x00007ffe6fd21000 	C:\Windows\System32\WS2_32.dll
0x00007ffe6c080000 - 0x00007ffe6c097000 	C:\Windows\SYSTEM32\kernel.appcore.dll
0x00007ffe68690000 - 0x00007ffe686a0000 	C:\Program Files\Java\jdk-11\bin\verify.dll
0x00007ffe69eb0000 - 0x00007ffe6a0d0000 	C:\Windows\SYSTEM32\DBGHELP.DLL
0x00007ffe69860000 - 0x00007ffe69890000 	C:\Windows\SYSTEM32\dbgcore.DLL
0x00007ffe6db00000 - 0x00007ffe6db7f000 	C:\Windows\System32\bcryptPrimitives.dll
0x00007ffe5b460000 - 0x00007ffe5b488000 	C:\Program Files\Java\jdk-11\bin\java.dll
0x00007ffe64450000 - 0x00007ffe6445a000 	C:\Program Files\Java\jdk-11\bin\jimage.dll
0x00007ffe5b440000 - 0x00007ffe5b457000 	C:\Program Files\Java\jdk-11\bin\zip.dll
0x00007ffe6ec90000 - 0x00007ffe6f3e9000 	C:\Windows\System32\SHELL32.dll
0x00007ffe627b0000 - 0x00007ffe62ff3000 	C:\Windows\SYSTEM32\windows.storage.dll
0x00007ffe6f3f0000 - 0x00007ffe6f760000 	C:\Windows\System32\combase.dll
0x00007ffe6e800000 - 0x00007ffe6e8ea000 	C:\Windows\System32\SHCORE.dll
0x00007ffe6e910000 - 0x00007ffe6e96f000 	C:\Windows\System32\shlwapi.dll
0x00007ffe6d670000 - 0x00007ffe6d691000 	C:\Windows\SYSTEM32\profapi.dll
0x00007ffe5b420000 - 0x00007ffe5b439000 	C:\Program Files\Java\jdk-11\bin\net.dll
0x00007ffe69890000 - 0x00007ffe69998000 	C:\Windows\SYSTEM32\WINHTTP.dll
0x00007ffe6cc90000 - 0x00007ffe6ccf8000 	C:\Windows\system32\mswsock.dll
0x00007ffe56770000 - 0x00007ffe56782000 	C:\Program Files\Java\jdk-11\bin\nio.dll
0x00007ffe56760000 - 0x00007ffe56769000 	C:\Program Files\Java\jdk-11\bin\management.dll
0x00007ffe56750000 - 0x00007ffe5675b000 	C:\Program Files\Java\jdk-11\bin\management_ext.dll
0x00007ffe58760000 - 0x00007ffe58777000 	C:\Windows\system32\napinsp.dll
0x00007ffe6c9b0000 - 0x00007ffe6ca8e000 	C:\Windows\SYSTEM32\DNSAPI.dll
0x00007ffe6c970000 - 0x00007ffe6c99d000 	C:\Windows\SYSTEM32\IPHLPAPI.DLL
0x00007ffe6fa90000 - 0x00007ffe6fa99000 	C:\Windows\System32\NSI.dll
0x00007ffe57ed0000 - 0x00007ffe57ee2000 	C:\Windows\System32\winrnr.dll
0x00007ffe57eb0000 - 0x00007ffe57ecf000 	C:\Windows\system32\nlansp_c.dll
0x00007ffe57e60000 - 0x00007ffe57e7d000 	C:\Windows\system32\wshbth.dll
0x00007ffe6aa30000 - 0x00007ffe6aa3a000 	C:\Windows\System32\rasadhlp.dll
0x00007ffe6a5f0000 - 0x00007ffe6a672000 	C:\Windows\System32\fwpuclnt.dll
0x00007ffe6cee0000 - 0x00007ffe6cefb000 	C:\Windows\SYSTEM32\CRYPTSP.dll
0x00007ffe6c750000 - 0x00007ffe6c788000 	C:\Windows\system32\rsaenh.dll
0x00007ffe6cd90000 - 0x00007ffe6cdbe000 	C:\Windows\SYSTEM32\USERENV.dll
0x00007ffe6cf00000 - 0x00007ffe6cf0c000 	C:\Windows\SYSTEM32\CRYPTBASE.dll
0x00007ffe6ae70000 - 0x00007ffe6ae89000 	C:\Windows\SYSTEM32\dhcpcsvc6.DLL
0x00007ffe6adf0000 - 0x00007ffe6ae0d000 	C:\Windows\SYSTEM32\dhcpcsvc.DLL
0x00007ffe4fbf0000 - 0x00007ffe4fc17000 	C:\Program Files\Java\jdk-11\bin\sunec.dll
0x00007ffe4fbe0000 - 0x00007ffe4fbee000 	C:\Program Files\Java\jdk-11\bin\sunmscapi.dll
0x00007ffe6d830000 - 0x00007ffe6d990000 	C:\Windows\System32\CRYPT32.dll
0x00007ffe6d020000 - 0x00007ffe6d04f000 	C:\Windows\SYSTEM32\ncrypt.dll
0x00007ffe6cfe0000 - 0x00007ffe6d017000 	C:\Windows\SYSTEM32\NTASN1.dll

dbghelp: loaded successfully - version: 4.0.5 - missing functions: none
symbol engine: initialized successfully - sym options: 0x614 - pdb path: .;C:\Program Files\Java\jdk-11\bin;C:\Windows\SYSTEM32;C:\Windows\WinSxS\amd64_microsoft.windows.common-controls_6595b64144ccf1df_6.0.20348.3451_none_94783cb1eef01314;C:\Program Files\Java\jdk-11\bin\server

VM Arguments:
jvm_args: -Dspring.config.additional-location=application.properties 
java_command: ercot.jar
java_class_path (initial): ercot.jar
Launcher Type: SUN_STANDARD

[Global flags]
     intx CICompilerCount                          = 4                                         {product} {ergonomic}
     uint ConcGCThreads                            = 3                                         {product} {ergonomic}
     uint G1ConcRefinementThreads                  = 10                                        {product} {ergonomic}
   size_t G1HeapRegionSize                         = 2097152                                   {product} {ergonomic}
    uintx GCDrainStackTargetSize                   = 64                                        {product} {ergonomic}
   size_t InitialHeapSize                          = 805306368                                 {product} {ergonomic}
   size_t MarkStackSize                            = 4194304                                   {product} {ergonomic}
   size_t MaxHeapSize                              = 12872318976                               {product} {ergonomic}
   size_t MaxNewSize                               = 7721713664                                {product} {ergonomic}
   size_t MinHeapDeltaBytes                        = 2097152                                   {product} {ergonomic}
    uintx NonNMethodCodeHeapSize                   = 5836300                                {pd product} {ergonomic}
    uintx NonProfiledCodeHeapSize                  = 122910970                              {pd product} {ergonomic}
    uintx ProfiledCodeHeapSize                     = 122910970                              {pd product} {ergonomic}
    uintx ReservedCodeCacheSize                    = 251658240                              {pd product} {ergonomic}
     bool SegmentedCodeCache                       = true                                      {product} {ergonomic}
     bool UseCompressedClassPointers               = true                                 {lp64_product} {ergonomic}
     bool UseCompressedOops                        = true                                 {lp64_product} {ergonomic}
     bool UseG1GC                                  = true                                      {product} {ergonomic}
     bool UseLargePagesIndividualAllocation        = false                                  {pd product} {ergonomic}

Logging:
Log output configuration:
 #0: stdout all=warning uptime,level,tags
 #1: stderr all=off uptime,level,tags

Environment Variables:
JAVA_HOME=C:\Program Files\Java\jdk-11
PATH=C:\Program Files\Common Files\Oracle\Java\javapath;C:\Windows\system32;C:\Windows;C:\Windows\System32\Wbem;C:\Windows\System32\WindowsPowerShell\v1.0\;C:\Windows\System32\OpenSSH\;C:\Program Files\dotnet\;C:\Program Files (x86)\Microsoft SQL Server\160\DTS\Binn\;C:\Program Files (x86)\Microsoft SQL Server\160\Tools\Binn\;C:\Program Files\Microsoft SQL Server\160\Tools\Binn\;C:\Program Files\Microsoft SQL Server\Client SDK\ODBC\170\Tools\Binn\;C:\Program Files\Microsoft SQL Server\160\DTS\Binn\;C:\Program Files\Java\jdk-11\bin;E:\apache-maven-3.9.6\bin;G:\Program Files;C:\Program Files\Git\cmd;C:\Program Files\nodejs\;C:\Users\ercot\AppData\Local\Programs\Python\Python312\Scripts\;C:\Users\ercot\AppData\Local\Programs\Python\Python312\;C:\Users\ercot\AppData\Local\Microsoft\WindowsApps;C:\Users\ercot\AppData\Local\Programs\Microsoft VS Code\bin;C:\Program Files\Java\jdk-11\bin;H:\apache-maven-3.9.6\bin;C:\Users\ercot\.dotnet\tools;C:\Users\ercot\AppData\Roaming\npm
USERNAME=ercot
OS=Windows_NT
PROCESSOR_IDENTIFIER=Intel64 Family 6 Model 85 Stepping 7, GenuineIntel



---------------  S Y S T E M  ---------------

OS: Windows Server 2022 , 64 bit Build 20348 (10.0.20348.3692)
Hyper-V virtualization detected

CPU:total 12 (initial active 12) (16 cores per cpu, 1 threads per core) family 6 model 85 stepping 7 microcode 0xffffffff, cmov, cx8, fxsr, mmx, sse, sse2, sse3, ssse3, sse4.1, sse4.2, popcnt, avx, avx2, aes, clmul, erms, rtm, 3dnowpref, lzcnt, tsc, bmi1, bmi2, adx, evex, fma

Memory: 4k page, system-wide physical 49100M (608M free)
TotalPageFile size 61388M (AvailPageFile size 0M)
current process WorkingSet (physical memory assigned to process): 673M, peak: 931M
current process commit charge ("private bytes"): 1227M, peak: 1292M

vm_info: Java HotSpot(TM) 64-Bit Server VM (11.0.21+9-LTS-193) for windows-amd64 JRE (11.0.21+9-LTS-193), built on Sep 13 2023 11:04:38 by "mach5one" with MS VC++ 17.1 (VS2022)

END.
